This is pdfTeX, Version 3.14159265-2.6-1.40.19 (MiKTeX 2.9.6930 64-bit) (preloaded format=pdflatex 2019.1.8)  21 APR 2020 14:21
entering extended mode
**./dissertation.tex
(dissertation.tex
LaTeX2e <2018-12-01>
(uathesis.cls
Document Class: uathesis 2005/08/09 University of Arizona Thesis Class
("C:\Users\David\AppData\Local\Programs\MiKTeX 2.9\tex/latex/base\ifthen.sty"
Package: ifthen 2014/09/29 v1.1c Standard LaTeX ifthen package (DPC)
)
(cclicenses.sty
Package: cclicenses 2005/05/20 v0.4 CC licenses typesetting

("C:\Users\David\AppData\Local\Programs\MiKTeX 2.9\tex/latex/graphics\rotating.
sty"
Package: rotating 2016/08/11 v2.16d rotated objects in LaTeX

("C:\Users\David\AppData\Local\Programs\MiKTeX 2.9\tex/latex/graphics\graphicx.
sty"
Package: graphicx 2017/06/01 v1.1a Enhanced LaTeX Graphics (DPC,SPQR)

("C:\Users\David\AppData\Local\Programs\MiKTeX 2.9\tex/latex/graphics\keyval.st
y"
Package: keyval 2014/10/28 v1.15 key=value parser (DPC)
\KV@toks@=\toks14
)
("C:\Users\David\AppData\Local\Programs\MiKTeX 2.9\tex/latex/graphics\graphics.
sty"
Package: graphics 2017/06/25 v1.2c Standard LaTeX Graphics (DPC,SPQR)

("C:\Users\David\AppData\Local\Programs\MiKTeX 2.9\tex/latex/graphics\trig.sty"
Package: trig 2016/01/03 v1.10 sin cos tan (DPC)
)
("C:\Users\David\AppData\Local\Programs\MiKTeX 2.9\tex/latex/graphics-cfg\graph
ics.cfg"
File: graphics.cfg 2016/06/04 v1.11 sample graphics configuration
)
Package graphics Info: Driver file: pdftex.def on input line 99.

("C:\Users\David\AppData\Local\Programs\MiKTeX 2.9\tex/latex/graphics-def\pdfte
x.def"
File: pdftex.def 2018/01/08 v1.0l Graphics/color driver for pdftex
))
\Gin@req@height=\dimen102
\Gin@req@width=\dimen103
)
\c@r@tfl@t=\count80
\rotFPtop=\skip41
\rotFPbot=\skip42
\rot@float@box=\box27
\rot@mess@toks=\toks15
)
\chardim=\dimen104
\hdim=\dimen105
\htmp=\dimen106
\hpos=\count81
\vpos=\count82
)
("C:\Users\David\AppData\Local\Programs\MiKTeX 2.9\tex/latex/base\book.cls"
Document Class: book 2018/09/03 v1.4i Standard LaTeX document class
("C:\Users\David\AppData\Local\Programs\MiKTeX 2.9\tex/latex/base\bk12.clo"
File: bk12.clo 2018/09/03 v1.4i Standard LaTeX file (size option)
)
\c@part=\count83
\c@chapter=\count84
\c@section=\count85
\c@subsection=\count86
\c@subsubsection=\count87
\c@paragraph=\count88
\c@subparagraph=\count89
\c@figure=\count90
\c@table=\count91
\abovecaptionskip=\skip43
\belowcaptionskip=\skip44
\bibindent=\dimen107
))
("C:\Users\David\AppData\Local\Programs\MiKTeX 2.9\tex/latex/natbib\natbib.sty"
Package: natbib 2010/09/13 8.31b (PWD, AO)
\bibhang=\skip45
\bibsep=\skip46
LaTeX Info: Redefining \cite on input line 694.
\c@NAT@ctr=\count92
) (deluxetable.sty
Package: deluxetable 
\pt@box=\box28
\pt@width=\dimen108
\pt@line=\count93
\pt@column=\count94
\pt@nlines=\count95
\pt@ncol=\count96
\pt@page=\count97
\pt@tmpcapwidth=\dimen109
) (aastex_hack.sty)
("C:\Users\David\AppData\Local\Programs\MiKTeX 2.9\tex/latex/units\nicefrac.sty
"
Package: nicefrac 1998/08/04 v0.9b Nice fractions
\L@UnitsRaiseDisplaystyle=\skip47
\L@UnitsRaiseTextstyle=\skip48
\L@UnitsRaiseScriptstyle=\skip49
)
("C:\Users\David\AppData\Local\Programs\MiKTeX 2.9\tex/latex/amsmath\amsmath.st
y"
Package: amsmath 2018/12/01 v2.17b AMS math features
\@mathmargin=\skip50

For additional information on amsmath, use the `?' option.

("C:\Users\David\AppData\Local\Programs\MiKTeX 2.9\tex/latex/amsmath\amstext.st
y"
Package: amstext 2000/06/29 v2.01 AMS text

("C:\Users\David\AppData\Local\Programs\MiKTeX 2.9\tex/latex/amsmath\amsgen.sty
"
File: amsgen.sty 1999/11/30 v2.0 generic functions
\@emptytoks=\toks16
\ex@=\dimen110
))
("C:\Users\David\AppData\Local\Programs\MiKTeX 2.9\tex/latex/amsmath\amsbsy.sty
"
Package: amsbsy 1999/11/29 v1.2d Bold Symbols
\pmbraise@=\dimen111
)
("C:\Users\David\AppData\Local\Programs\MiKTeX 2.9\tex/latex/amsmath\amsopn.sty
"
Package: amsopn 2016/03/08 v2.02 operator names
)
\inf@bad=\count98
LaTeX Info: Redefining \frac on input line 223.
\uproot@=\count99
\leftroot@=\count100
LaTeX Info: Redefining \overline on input line 385.
\classnum@=\count101
\DOTSCASE@=\count102
LaTeX Info: Redefining \ldots on input line 482.
LaTeX Info: Redefining \dots on input line 485.
LaTeX Info: Redefining \cdots on input line 606.
\Mathstrutbox@=\box29
\strutbox@=\box30
\big@size=\dimen112
LaTeX Font Info:    Redeclaring font encoding OML on input line 729.
LaTeX Font Info:    Redeclaring font encoding OMS on input line 730.
\macc@depth=\count103
\c@MaxMatrixCols=\count104
\dotsspace@=\muskip10
\c@parentequation=\count105
\dspbrk@lvl=\count106
\tag@help=\toks17
\row@=\count107
\column@=\count108
\maxfields@=\count109
\andhelp@=\toks18
\eqnshift@=\dimen113
\alignsep@=\dimen114
\tagshift@=\dimen115
\tagwidth@=\dimen116
\totwidth@=\dimen117
\lineht@=\dimen118
\@envbody=\toks19
\multlinegap=\skip51
\multlinetaggap=\skip52
\mathdisplay@stack=\toks20
LaTeX Info: Redefining \[ on input line 2844.
LaTeX Info: Redefining \] on input line 2845.
)
("C:\Users\David\AppData\Local\Programs\MiKTeX 2.9\tex/latex/amsfonts\amssymb.s
ty"
Package: amssymb 2013/01/14 v3.01 AMS font symbols

("C:\Users\David\AppData\Local\Programs\MiKTeX 2.9\tex/latex/amsfonts\amsfonts.
sty"
Package: amsfonts 2013/01/14 v3.01 Basic AMSFonts support
\symAMSa=\mathgroup4
\symAMSb=\mathgroup5
LaTeX Font Info:    Overwriting math alphabet `\mathfrak' in version `bold'
(Font)                  U/euf/m/n --> U/euf/b/n on input line 106.
))
("C:\Users\David\AppData\Local\Programs\MiKTeX 2.9\tex/latex/graphics\lscape.st
y"
Package: lscape 2000/10/22 v3.01 Landscape Pages (DPC)
)
("C:\Users\David\AppData\Local\Programs\MiKTeX 2.9\tex/latex/caption\caption.st
y"
Package: caption 2018/10/06 v3.3-154 Customizing captions (AR)

("C:\Users\David\AppData\Local\Programs\MiKTeX 2.9\tex/latex/caption\caption3.s
ty"
Package: caption3 2018/09/12 v1.8c caption3 kernel (AR)
Package caption3 Info: TeX engine: e-TeX on input line 64.
\captionmargin=\dimen119
\captionmargin@=\dimen120
\captionwidth=\dimen121
\caption@tempdima=\dimen122
\caption@indent=\dimen123
\caption@parindent=\dimen124
\caption@hangindent=\dimen125
Package caption Info: Unknown document class (or package),
(caption)             standard defaults will be used.
)

Package caption Warning: Unsupported document class (or package) detected,
(caption)                usage of the caption package is not recommended.
See the caption package documentation for explanation.

Package caption Info: \@makecaption = \long macro:#1#2->\vskip 2ex\noindent #1\
 #2\par .
\c@caption@flags=\count110
\c@ContinuedFloat=\count111
Package caption Info: rotating package is loaded.
)
("C:\Users\David\AppData\Local\Programs\MiKTeX 2.9\tex/latex/mathtools\mathtool
s.sty"
Package: mathtools 2020/03/24 v1.24 mathematical typesetting tools

("C:\Users\David\AppData\Local\Programs\MiKTeX 2.9\tex/latex/tools\calc.sty"
Package: calc 2017/05/25 v4.3 Infix arithmetic (KKT,FJ)
\calc@Acount=\count112
\calc@Bcount=\count113
\calc@Adimen=\dimen126
\calc@Bdimen=\dimen127
\calc@Askip=\skip53
\calc@Bskip=\skip54
LaTeX Info: Redefining \setlength on input line 80.
LaTeX Info: Redefining \addtolength on input line 81.
\calc@Ccount=\count114
\calc@Cskip=\skip55
)
("C:\Users\David\AppData\Local\Programs\MiKTeX 2.9\tex/latex/mathtools\mhsetup.
sty"
Package: mhsetup 2017/03/31 v1.3 programming setup (MH)
)
LaTeX Info: Thecontrolsequence`\('isalreadyrobust on input line 130.
LaTeX Info: Thecontrolsequence`\)'isalreadyrobust on input line 130.
LaTeX Info: Thecontrolsequence`\['isalreadyrobust on input line 130.
LaTeX Info: Thecontrolsequence`\]'isalreadyrobust on input line 130.
\g_MT_multlinerow_int=\count115
\l_MT_multwidth_dim=\dimen128
\origjot=\skip56
\l_MT_shortvdotswithinadjustabove_dim=\dimen129
\l_MT_shortvdotswithinadjustbelow_dim=\dimen130
\l_MT_above_intertext_sep=\dimen131
\l_MT_below_intertext_sep=\dimen132
\l_MT_above_shortintertext_sep=\dimen133
\l_MT_below_shortintertext_sep=\dimen134
\xmathstrut@box=\box31
\xmathstrut@dim=\dimen135
) ("C:\Users\David\AppData\Local\Programs\MiKTeX 2.9\tex/latex/tools\bm.sty"
Package: bm 2017/01/16 v1.2c Bold Symbol Support (DPC/FMi)
\symboldoperators=\mathgroup6
\symboldletters=\mathgroup7
\symboldsymbols=\mathgroup8
LaTeX Font Info:    Redeclaring math alphabet \mathbf on input line 141.
LaTeX Info: Redefining \bm on input line 207.
)
("C:\Users\David\AppData\Local\Programs\MiKTeX 2.9\tex/latex/enumitem\enumitem.
sty"
Package: enumitem 2019/06/20 v3.9 Customized lists
\labelindent=\skip57
\enit@outerparindent=\dimen136
\enit@toks=\toks21
\enit@inbox=\box32
\enit@count@id=\count116
\enitdp@description=\count117
)
("C:\Users\David\AppData\Local\Programs\MiKTeX 2.9\tex/latex/units\units.sty"
Package: units 1998/08/04 v0.9b Typesetting units
)
\c@daggerfootnote=\count118

("C:\Users\David\AppData\Local\Programs\MiKTeX 2.9\tex/latex/hyperref\hyperref.
sty"
Package: hyperref 2018/11/30 v6.88e Hypertext links for LaTeX

("C:\Users\David\AppData\Local\Programs\MiKTeX 2.9\tex/generic/oberdiek\hobsub-
hyperref.sty"
Package: hobsub-hyperref 2016/05/16 v1.14 Bundle oberdiek, subset hyperref (HO)


("C:\Users\David\AppData\Local\Programs\MiKTeX 2.9\tex/generic/oberdiek\hobsub-
generic.sty"
Package: hobsub-generic 2016/05/16 v1.14 Bundle oberdiek, subset generic (HO)
Package: hobsub 2016/05/16 v1.14 Construct package bundles (HO)
Package: infwarerr 2016/05/16 v1.4 Providing info/warning/error messages (HO)
Package: ltxcmds 2016/05/16 v1.23 LaTeX kernel commands for general use (HO)
Package: ifluatex 2016/05/16 v1.4 Provides the ifluatex switch (HO)
Package ifluatex Info: LuaTeX not detected.
Package: ifvtex 2016/05/16 v1.6 Detect VTeX and its facilities (HO)
Package ifvtex Info: VTeX not detected.
Package: intcalc 2016/05/16 v1.2 Expandable calculations with integers (HO)
Package: ifpdf 2018/09/07 v3.3 Provides the ifpdf switch
Package: etexcmds 2016/05/16 v1.6 Avoid name clashes with e-TeX commands (HO)
Package: kvsetkeys 2016/05/16 v1.17 Key value parser (HO)
Package: kvdefinekeys 2016/05/16 v1.4 Define keys (HO)
Package: pdftexcmds 2018/09/10 v0.29 Utility functions of pdfTeX for LuaTeX (HO
)
Package pdftexcmds Info: LuaTeX not detected.
Package pdftexcmds Info: \pdf@primitive is available.
Package pdftexcmds Info: \pdf@ifprimitive is available.
Package pdftexcmds Info: \pdfdraftmode found.
Package: pdfescape 2016/05/16 v1.14 Implements pdfTeX's escape features (HO)
Package: bigintcalc 2016/05/16 v1.4 Expandable calculations on big integers (HO
)
Package: bitset 2016/05/16 v1.2 Handle bit-vector datatype (HO)
Package: uniquecounter 2016/05/16 v1.3 Provide unlimited unique counter (HO)
)
Package hobsub Info: Skipping package `hobsub' (already loaded).
Package: letltxmacro 2016/05/16 v1.5 Let assignment for LaTeX macros (HO)
Package: hopatch 2016/05/16 v1.3 Wrapper for package hooks (HO)
Package: xcolor-patch 2016/05/16 xcolor patch
Package: atveryend 2016/05/16 v1.9 Hooks at the very end of document (HO)
Package atveryend Info: \enddocument detected (standard20110627).
Package: atbegshi 2016/06/09 v1.18 At begin shipout hook (HO)
Package: refcount 2016/05/16 v3.5 Data extraction from label references (HO)
Package: hycolor 2016/05/16 v1.8 Color options for hyperref/bookmark (HO)
)
("C:\Users\David\AppData\Local\Programs\MiKTeX 2.9\tex/generic/ifxetex\ifxetex.
sty"
Package: ifxetex 2010/09/12 v0.6 Provides ifxetex conditional
)
("C:\Users\David\AppData\Local\Programs\MiKTeX 2.9\tex/latex/oberdiek\auxhook.s
ty"
Package: auxhook 2016/05/16 v1.4 Hooks for auxiliary files (HO)
)
("C:\Users\David\AppData\Local\Programs\MiKTeX 2.9\tex/latex/oberdiek\kvoptions
.sty"
Package: kvoptions 2016/05/16 v3.12 Key value format for package options (HO)
)
\@linkdim=\dimen137
\Hy@linkcounter=\count119
\Hy@pagecounter=\count120

("C:\Users\David\AppData\Local\Programs\MiKTeX 2.9\tex/latex/hyperref\pd1enc.de
f"
File: pd1enc.def 2018/11/30 v6.88e Hyperref: PDFDocEncoding definition (HO)
Now handling font encoding PD1 ...
... no UTF-8 mapping file for font encoding PD1
)
\Hy@SavedSpaceFactor=\count121

("C:\Users\David\AppData\Local\Programs\MiKTeX 2.9\tex/latex/00miktex\hyperref.
cfg"
File: hyperref.cfg 2002/06/06 v1.2 hyperref configuration of TeXLive
)
Package hyperref Info: Hyper figures OFF on input line 4519.
Package hyperref Info: Link nesting OFF on input line 4524.
Package hyperref Info: Hyper index ON on input line 4527.
Package hyperref Info: Plain pages OFF on input line 4534.
Package hyperref Info: Backreferencing OFF on input line 4539.
Package hyperref Info: Implicit mode ON; LaTeX internals redefined.
Package hyperref Info: Bookmarks ON on input line 4772.
\c@Hy@tempcnt=\count122
 ("C:\Users\David\AppData\Local\Programs\MiKTeX 2.9\tex/latex/url\url.sty"
\Urlmuskip=\muskip11
Package: url 2013/09/16  ver 3.4  Verb mode for urls, etc.
)
LaTeX Info: Redefining \url on input line 5125.
\XeTeXLinkMargin=\dimen138
\Fld@menulength=\count123
\Field@Width=\dimen139
\Fld@charsize=\dimen140
Package hyperref Info: Hyper figures OFF on input line 6380.
Package hyperref Info: Link nesting OFF on input line 6385.
Package hyperref Info: Hyper index ON on input line 6388.
Package hyperref Info: backreferencing OFF on input line 6395.
Package hyperref Info: Link coloring OFF on input line 6400.
Package hyperref Info: Link coloring with OCG OFF on input line 6405.
Package hyperref Info: PDF/A mode OFF on input line 6410.
LaTeX Info: Redefining \ref on input line 6450.
LaTeX Info: Redefining \pageref on input line 6454.
\Hy@abspage=\count124
\c@Item=\count125
\c@Hfootnote=\count126
)
Package hyperref Info: Driver (autodetected): hpdftex.

("C:\Users\David\AppData\Local\Programs\MiKTeX 2.9\tex/latex/hyperref\hpdftex.d
ef"
File: hpdftex.def 2018/11/30 v6.88e Hyperref driver for pdfTeX
\Fld@listcount=\count127
\c@bookmark@seq@number=\count128

("C:\Users\David\AppData\Local\Programs\MiKTeX 2.9\tex/latex/oberdiek\rerunfile
check.sty"
Package: rerunfilecheck 2016/05/16 v1.8 Rerun checks for auxiliary files (HO)
Package uniquecounter Info: New unique counter `rerunfilecheck' on input line 2
82.
)
\Hy@SectionHShift=\skip58
) (dissertation.aux (introduction.aux) (chapter2.aux) (cs_paper.aux) (recon_pap
er5.aux

LaTeX Warning: Label `fermi' multiply defined.

) (recon_acc_mec.aux

LaTeX Warning: Label `tab:fit' multiply defined.

) (appendix.aux))
\openout1 = `dissertation.aux'.

LaTeX Font Info:    Checking defaults for OML/cmm/m/it on input line 89.
LaTeX Font Info:    ... okay on input line 89.
LaTeX Font Info:    Checking defaults for T1/cmr/m/n on input line 89.
LaTeX Font Info:    ... okay on input line 89.
LaTeX Font Info:    Checking defaults for OT1/cmr/m/n on input line 89.
LaTeX Font Info:    ... okay on input line 89.
LaTeX Font Info:    Checking defaults for OMS/cmsy/m/n on input line 89.
LaTeX Font Info:    ... okay on input line 89.
LaTeX Font Info:    Checking defaults for OMX/cmex/m/n on input line 89.
LaTeX Font Info:    ... okay on input line 89.
LaTeX Font Info:    Checking defaults for U/cmr/m/n on input line 89.
LaTeX Font Info:    ... okay on input line 89.
LaTeX Font Info:    Checking defaults for PD1/pdf/m/n on input line 89.
LaTeX Font Info:    ... okay on input line 89.

("C:\Users\David\AppData\Local\Programs\MiKTeX 2.9\tex/context/base\supp-pdf.mk
ii"
[Loading MPS to PDF converter (version 2006.09.02).]
\scratchcounter=\count129
\scratchdimen=\dimen141
\scratchbox=\box33
\nofMPsegments=\count130
\nofMParguments=\count131
\everyMPshowfont=\toks22
\MPscratchCnt=\count132
\MPscratchDim=\dimen142
\MPnumerator=\count133
\makeMPintoPDFobject=\count134
\everyMPtoPDFconversion=\toks23
)
("C:\Users\David\AppData\Local\Programs\MiKTeX 2.9\tex/latex/oberdiek\epstopdf-
base.sty"
Package: epstopdf-base 2016/05/15 v2.6 Base part for package epstopdf

("C:\Users\David\AppData\Local\Programs\MiKTeX 2.9\tex/latex/oberdiek\grfext.st
y"
Package: grfext 2016/05/16 v1.2 Manage graphics extensions (HO)
)
Package epstopdf-base Info: Redefining graphics rule for `.eps' on input line 4
38.
Package grfext Info: Graphics extension search list:
(grfext)             [.pdf,.png,.jpg,.mps,.jpeg,.jbig2,.jb2,.PDF,.PNG,.JPG,.JPE
G,.JBIG2,.JB2,.eps]
(grfext)             \AppendGraphicsExtensions on input line 456.
)
Package caption Info: Begin \AtBeginDocument code.
Package caption Info: hyperref package is loaded.
Package caption Info: End \AtBeginDocument code.
\AtBeginShipoutBox=\box34
Package hyperref Info: Link coloring OFF on input line 89.

("C:\Users\David\AppData\Local\Programs\MiKTeX 2.9\tex/latex/hyperref\nameref.s
ty"
Package: nameref 2016/05/21 v2.44 Cross-referencing by name of section

("C:\Users\David\AppData\Local\Programs\MiKTeX 2.9\tex/generic/oberdiek\gettitl
estring.sty"
Package: gettitlestring 2016/05/16 v1.5 Cleanup title references (HO)
)
\c@section@level=\count135
)
LaTeX Info: Redefining \ref on input line 89.
LaTeX Info: Redefining \pageref on input line 89.
LaTeX Info: Redefining \nameref on input line 89.
 (dissertation.out) (dissertation.out)
\@outlinefile=\write3
\openout3 = `dissertation.out'.

LaTeX Font Info:    Try loading font information for OMS+cmr on input line 95.

("C:\Users\David\AppData\Local\Programs\MiKTeX 2.9\tex/latex/base\omscmr.fd"
File: omscmr.fd 2014/09/29 v2.5h Standard LaTeX font definitions
)
LaTeX Font Info:    Font shape `OMS/cmr/m/n' in size <12> not available
(Font)              Font shape `OMS/cmsy/m/n' tried instead on input line 95.

[1

{C:/Users/David/AppData/Local/MiKTeX/2.9/pdftex/config/pdftex.map}]
LaTeX Font Info:    Try loading font information for U+msa on input line 112.

("C:\Users\David\AppData\Local\Programs\MiKTeX 2.9\tex/latex/amsfonts\umsa.fd"
File: umsa.fd 2013/01/14 v3.01 AMS symbols A
)
LaTeX Font Info:    Try loading font information for U+msb on input line 112.
("C:\Users\David\AppData\Local\Programs\MiKTeX 2.9\tex/latex/amsfonts\umsb.fd"
File: umsb.fd 2013/01/14 v3.01 AMS symbols B
)
Underfull \hbox (badness 10000) in paragraph at lines 112--112

 []

[2

]
Overfull \hbox (7.98335pt too wide) in alignment at lines 120--120
[] [] []
 []

[3

]
Including your file acknowledgements.tex as the acknowledgements.
(acknowledgements.tex) [4

]
Including your file dedication.tex as the dedication.
(dedication.tex) [5

] (dissertation.toc [6

] [7])
\tf@toc=\write4
\openout4 = `dissertation.toc'.

 [8]
Including your file abstract.tex as the abstract.
(abstract.tex) [9

]
\openout2 = `introduction.aux'.

 (introduction.tex
CHAPTER 1.
[10


] [11] [12] [13]

Package amsfonts Warning: Obsolete command \bold; \mathbf should be used instea
d on input line 38.

[14] [15] [16] [17] [18] [19] [20] [21] [22] [23]) [24]
\openout2 = `chapter2.aux'.

 (chapter2.tex
CHAPTER 2.
[25



] [26] [27] [28]
Overfull \hbox (21.42165pt too wide) detected at line 107
[][]\OML/cmm/m/it/12 [] \OT1/cmr/m/n/12 = [] [][] \OML/cmm/m/it/12 C\OT1/cmr/m
/n/12 (\OML/cmm/m/it/12 B [] \OT1/cmr/m/n/12 )[](\OML/cmm/m/it/12 m[]c[]\OT1/c
mr/m/n/12 )[]  []   [] \OML/cmm/m/it/12 []:
 []

[29] [30]
<paper1_fig1.jpg, id=825, 497.4585pt x 178.266pt>
File: paper1_fig1.jpg Graphic file (type jpg)
<use paper1_fig1.jpg>
Package pdftex.def Info: paper1_fig1.jpg  used on input line 166.
(pdftex.def)             Requested size: 497.45728pt x 178.26555pt.
 [31] [32 <./paper1_fig1.jpg>]
<paper1_fig2.jpg, id=839, 240.9pt x 199.4652pt>
File: paper1_fig2.jpg Graphic file (type jpg)
<use paper1_fig2.jpg>
Package pdftex.def Info: paper1_fig2.jpg  used on input line 181.
(pdftex.def)             Requested size: 240.8994pt x 199.4647pt.
<paper1_fig4.jpg, id=840, 496.254pt x 197.0562pt>
File: paper1_fig4.jpg Graphic file (type jpg)
<use paper1_fig4.jpg>
Package pdftex.def Info: paper1_fig4.jpg  used on input line 189.
(pdftex.def)             Requested size: 496.25278pt x 197.05571pt.
<paper1_fig3.jpg, id=841, 240.9pt x 178.0251pt>
File: paper1_fig3.jpg Graphic file (type jpg)
<use paper1_fig3.jpg>
Package pdftex.def Info: paper1_fig3.jpg  used on input line 196.
(pdftex.def)             Requested size: 240.8994pt x 178.02464pt.
<paper1_fig5.jpg, id=842, 496.7358pt x 188.1429pt>
File: paper1_fig5.jpg Graphic file (type jpg)
<use paper1_fig5.jpg>
Package pdftex.def Info: paper1_fig5.jpg  used on input line 203.
(pdftex.def)             Requested size: 496.73457pt x 188.14243pt.
 [33] [34 <./paper1_fig2.jpg>] [35 <./paper1_fig4.jpg>] [36 <./paper1_fig3.jpg>
] [37 <./paper1_fig5.jpg>]
<paper1_fig6.jpg, id=871, 240.9pt x 195.8517pt>
File: paper1_fig6.jpg Graphic file (type jpg)
<use paper1_fig6.jpg>
Package pdftex.def Info: paper1_fig6.jpg  used on input line 259.
(pdftex.def)             Requested size: 240.8994pt x 195.85121pt.
<paper1_fig7.jpg, id=876, 240.9pt x 181.8795pt>
File: paper1_fig7.jpg Graphic file (type jpg)
<use paper1_fig7.jpg>
Package pdftex.def Info: paper1_fig7.jpg  used on input line 266.
(pdftex.def)             Requested size: 240.8994pt x 181.87904pt.
<paper1_fig8.jpg, id=881, 240.9pt x 194.1654pt>
File: paper1_fig8.jpg Graphic file (type jpg)
<use paper1_fig8.jpg>
Package pdftex.def Info: paper1_fig8.jpg  used on input line 273.
(pdftex.def)             Requested size: 240.8994pt x 194.16492pt.
 [38] [39 <./paper1_fig6.jpg>] [40 <./paper1_fig7.jpg>] [41 <./paper1_fig8.jpg>
] [42])
[43] [44]
\openout2 = `cs_paper.aux'.

 (cs_paper.tex
CHAPTER 3.
[45



] [46]

LaTeX Warning: Reference `bphi_sheet_example' on page 47 undefined on input lin
e 110.

[47]
<paper2_fig1.jpg, id=969, 240.9pt x 421.575pt>
File: paper2_fig1.jpg Graphic file (type jpg)
<use paper2_fig1.jpg>
Package pdftex.def Info: paper2_fig1.jpg  used on input line 129.
(pdftex.def)             Requested size: 255.83812pt x 447.72934pt.


LaTeX Warning: `!h' float specifier changed to `!ht'.

<paper2_fig2.jpg, id=970, 238.2501pt x 402.5439pt>
File: paper2_fig2.jpg Graphic file (type jpg)
<use paper2_fig2.jpg>
Package pdftex.def Info: paper2_fig2.jpg  used on input line 137.
(pdftex.def)             Requested size: 255.83812pt x 432.284pt.

LaTeX Warning: `!h' float specifier changed to `!ht'.

[48]

LaTeX Warning: Text page 49 contains only floats.


Overfull \vbox (1.79677pt too high) has occurred while \output is active []


[49 <./paper2_fig1.jpg>]

LaTeX Warning: Text page 50 contains only floats.

[50 <./paper2_fig2.jpg>] [51]
<paper2_fig3.jpg, id=999, 240.9pt x 174.6525pt>
File: paper2_fig3.jpg Graphic file (type jpg)
<use paper2_fig3.jpg>
Package pdftex.def Info: paper2_fig3.jpg  used on input line 222.
(pdftex.def)             Requested size: 426.39255pt x 309.16422pt.


LaTeX Warning: `!h' float specifier changed to `!ht'.

<paper2_fig4.jpg, id=1000, 240.9pt x 169.5936pt>
File: paper2_fig4.jpg Graphic file (type jpg)
<use paper2_fig4.jpg>
Package pdftex.def Info: paper2_fig4.jpg  used on input line 234.
(pdftex.def)             Requested size: 426.39255pt x 300.20909pt.

LaTeX Warning: `!h' float specifier changed to `!ht'.

[52] [53 <./paper2_fig3.jpg>]
<paper2_fig5.jpg, id=1017, 240.9pt x 189.8292pt>
File: paper2_fig5.jpg Graphic file (type jpg)
<use paper2_fig5.jpg>
Package pdftex.def Info: paper2_fig5.jpg  used on input line 263.
(pdftex.def)             Requested size: 426.39255pt x 336.0295pt.


LaTeX Warning: `!h' float specifier changed to `!ht'.

<paper2_fig6.jpg, id=1018, 240.9pt x 172.4844pt>
File: paper2_fig6.jpg Graphic file (type jpg)
<use paper2_fig6.jpg>
Package pdftex.def Info: paper2_fig6.jpg  used on input line 270.
(pdftex.def)             Requested size: 426.39255pt x 305.32632pt.

LaTeX Warning: `!h' float specifier changed to `!ht'.

[54 <./paper2_fig4.jpg>] [55 <./paper2_fig5.jpg>] [56 <./paper2_fig6.jpg>]
<paper2_fig7.jpg, id=1042, 240.9pt x 191.9973pt>
File: paper2_fig7.jpg Graphic file (type jpg)
<use paper2_fig7.jpg>
Package pdftex.def Info: paper2_fig7.jpg  used on input line 303.
(pdftex.def)             Requested size: 426.39255pt x 339.8674pt.


LaTeX Warning: `!h' float specifier changed to `!ht'.

<paper2_fig8.jpg, id=1043, 240.9pt x 171.039pt>
File: paper2_fig8.jpg Graphic file (type jpg)
<use paper2_fig8.jpg>
Package pdftex.def Info: paper2_fig8.jpg  used on input line 310.
(pdftex.def)             Requested size: 426.39255pt x 302.7677pt.

LaTeX Warning: `!h' float specifier changed to `!ht'.

<paper2_fig11.jpg, id=1044, 493.845pt x 186.4566pt>
File: paper2_fig11.jpg Graphic file (type jpg)
<use paper2_fig11.jpg>
Package pdftex.def Info: paper2_fig11.jpg  used on input line 329.
(pdftex.def)             Requested size: 426.39255pt x 160.98685pt.

LaTeX Warning: `!h' float specifier changed to `!ht'.

[57]
<paper2_fig10.jpg, id=1051, 493.845pt x 163.812pt>
File: paper2_fig10.jpg Graphic file (type jpg)
<use paper2_fig10.jpg>
Package pdftex.def Info: paper2_fig10.jpg  used on input line 351.
(pdftex.def)             Requested size: 426.39255pt x 141.43546pt.
 [58 <./paper2_fig7.jpg>]

LaTeX Warning: `!h' float specifier changed to `!ht'.

[59 <./paper2_fig8.jpg>] [60 <./paper2_fig11.jpg> <./paper2_fig10.jpg>]

LaTeX Warning: Reference `label' on page 61 undefined on input line 409.

[61]) [62] [63]
\openout2 = `recon_paper5.aux'.

 (recon_paper5.tex
CHAPTER 4.

Package hyperref Warning: Token not allowed in a PDF string (PDFDocEncoding):
(hyperref)                removing `math shift' on input line 2.


Package hyperref Warning: Token not allowed in a PDF string (PDFDocEncoding):
(hyperref)                removing `\sigma' on input line 2.


Package hyperref Warning: Token not allowed in a PDF string (PDFDocEncoding):
(hyperref)                removing `math shift' on input line 2.


Package hyperref Warning: Token not allowed in a PDF string (PDFDocEncoding):
(hyperref)                removing `math shift' on input line 2.


Package hyperref Warning: Token not allowed in a PDF string (PDFDocEncoding):
(hyperref)                removing `\beta' on input line 2.


Package hyperref Warning: Token not allowed in a PDF string (PDFDocEncoding):
(hyperref)                removing `math shift' on input line 2.

[64



] [65]

Package natbib Warning: Citation `ponti17' on page 66 undefined on input line 2
8.

[66]

Package natbib Warning: Citation `buneman93' on page 67 undefined on input line
 33.


Package natbib Warning: Citation `spitkovsky05' on page 67 undefined on input l
ine 33.

[67] [68]
Underfull \hbox (badness 10000) in alignment at lines 58--102
[][][][][][][]
 []

Page 1 of table 4.1 has been set to width 426.39255pt with 25 lines per page 
[69] [70]
Underfull \hbox (badness 10000) in alignment at lines 102--125
[][][][][][][]
 []

Table 4.1 has been set to width 426.39255pt
<testing_threeplot.pdf, id=1222, 428.71541pt x 365.75218pt>
File: testing_threeplot.pdf Graphic file (type pdf)
<use testing_threeplot.pdf>
Package pdftex.def Info: testing_threeplot.pdf  used on input line 142.
(pdftex.def)             Requested size: 426.39255pt x 363.79237pt.
[71

] [72] [73 <./testing_threeplot.pdf>] [74] [75]
<regions_test.pdf, id=1331, 422.56744pt x 208.95883pt>
File: regions_test.pdf Graphic file (type pdf)
<use regions_test.pdf>
Package pdftex.def Info: regions_test.pdf  used on input line 164.
(pdftex.def)             Requested size: 426.39255pt x 210.85225pt.
<sig_3_delgam00005_timespec.pdf, id=1338, 435.64757pt x 330.5124pt>
File: sig_3_delgam00005_timespec.pdf Graphic file (type pdf)
<use sig_3_delgam00005_timespec.pdf>
Package pdftex.def Info: sig_3_delgam00005_timespec.pdf  used on input line 174
.
(pdftex.def)             Requested size: 213.19627pt x 161.74571pt.
<sig_3_delgam00005_timespec_ions.pdf, id=1339, 433.64006pt x 328.50491pt>
File: sig_3_delgam00005_timespec_ions.pdf Graphic file (type pdf)
<use sig_3_delgam00005_timespec_ions.pdf>
Package pdftex.def Info: sig_3_delgam00005_timespec_ions.pdf  used on input lin
e 179.
(pdftex.def)             Requested size: 213.19627pt x 161.51016pt.
 [76 <./regions_test.pdf>]
[77 <./sig_3_delgam00005_timespec.pdf> <./sig_3_delgam00005_timespec_ions.pdf

pdfTeX warning: pdflatex.exe (file ./sig_3_delgam00005_timespec_ions.pdf): PDF 
inclusion: multiple pdfs with page group included in a single page
>] [78] [79]
<sig_3_threeplot.pdf, id=1497, 272.40105pt x 364.61017pt>
File: sig_3_threeplot.pdf Graphic file (type pdf)
<use sig_3_threeplot.pdf>
Package pdftex.def Info: sig_3_threeplot.pdf  used on input line 199.
(pdftex.def)             Requested size: 213.19627pt x 285.37395pt.


LaTeX Warning: `!h' float specifier changed to `!ht'.

<sig3_threeplot.pdf, id=1498, 272.40105pt x 364.61017pt>
File: sig3_threeplot.pdf Graphic file (type pdf)
<use sig3_threeplot.pdf>
Package pdftex.def Info: sig3_threeplot.pdf  used on input line 206.
(pdftex.def)             Requested size: 213.19627pt x 285.37395pt.

LaTeX Warning: `!h' float specifier changed to `!ht'.


Package hyperref Warning: Token not allowed in a PDF string (PDFDocEncoding):
(hyperref)                removing `math shift' on input line 213.


Package hyperref Warning: Token not allowed in a PDF string (PDFDocEncoding):
(hyperref)                removing `\beta' on input line 213.


Package hyperref Warning: Token not allowed in a PDF string (PDFDocEncoding):
(hyperref)                removing `math shift' on input line 213.

[80] [81 <./sig_3_threeplot.pdf>] [82 <./sig3_threeplot.pdf>] [83]
<sigpoint3_inflow_rates.pdf, id=1637, 426.50403pt x 329.83801pt>
File: sigpoint3_inflow_rates.pdf Graphic file (type pdf)
<use sigpoint3_inflow_rates.pdf>
Package pdftex.def Info: sigpoint3_inflow_rates.pdf  used on input line 237.
(pdftex.def)             Requested size: 426.39255pt x 329.75162pt.
 [84 <./sigpoint3_inflow_rates.pdf>]
<inflow_rates_over_va.pdf, id=1694, 418.26263pt x 290.88205pt>
File: inflow_rates_over_va.pdf Graphic file (type pdf)
<use inflow_rates_over_va.pdf>
Package pdftex.def Info: inflow_rates_over_va.pdf  used on input line 258.
(pdftex.def)             Requested size: 426.39255pt x 296.54039pt.


Package hyperref Warning: Token not allowed in a PDF string (PDFDocEncoding):
(hyperref)                removing `math shift' on input line 264.


Package hyperref Warning: Token not allowed in a PDF string (PDFDocEncoding):
(hyperref)                removing `\beta' on input line 264.


Package hyperref Warning: Token not allowed in a PDF string (PDFDocEncoding):
(hyperref)                removing `math shift' on input line 264.


Package hyperref Warning: Token not allowed in a PDF string (PDFDocEncoding):
(hyperref)                removing `math shift' on input line 264.


Package hyperref Warning: Token not allowed in a PDF string (PDFDocEncoding):
(hyperref)                removing `\sigma' on input line 264.


Package hyperref Warning: Token not allowed in a PDF string (PDFDocEncoding):
(hyperref)                removing `math shift' on input line 264.

[85] [86 <./inflow_rates_over_va.pdf>] [87]
<single_powerlaw_fit.pdf, id=1774, 413.24388pt x 289.18037pt>
File: single_powerlaw_fit.pdf Graphic file (type pdf)
<use single_powerlaw_fit.pdf>
Package pdftex.def Info: single_powerlaw_fit.pdf  used on input line 290.
(pdftex.def)             Requested size: 426.39255pt x 298.39743pt.
<sig_3_betas_withcold.pdf, id=1779, 433.64006pt x 328.50491pt>
File: sig_3_betas_withcold.pdf Graphic file (type pdf)
<use sig_3_betas_withcold.pdf>
Package pdftex.def Info: sig_3_betas_withcold.pdf  used on input line 298.
(pdftex.def)             Requested size: 426.39255pt x 323.02034pt.


Package hyperref Warning: Token not allowed in a PDF string (PDFDocEncoding):
(hyperref)                removing `math shift' on input line 303.


Package hyperref Warning: Token not allowed in a PDF string (PDFDocEncoding):
(hyperref)                removing `\beta' on input line 303.


Package hyperref Warning: Token not allowed in a PDF string (PDFDocEncoding):
(hyperref)                removing `math shift' on input line 303.


Package hyperref Warning: Token not allowed in a PDF string (PDFDocEncoding):
(hyperref)                removing `math shift' on input line 303.


Package hyperref Warning: Token not allowed in a PDF string (PDFDocEncoding):
(hyperref)                removing `\sigma' on input line 303.


Package hyperref Warning: Token not allowed in a PDF string (PDFDocEncoding):
(hyperref)                removing `math shift' on input line 303.

[88] [89 <./single_powerlaw_fit.pdf>] [90 <./sig_3_betas_withcold.pdf>]
[91]
<beta_0003_sigmas_withcold.pdf, id=1907, 433.64006pt x 328.50491pt>
File: beta_0003_sigmas_withcold.pdf Graphic file (type pdf)
<use beta_0003_sigmas_withcold.pdf>
Package pdftex.def Info: beta_0003_sigmas_withcold.pdf  used on input line 321.

(pdftex.def)             Requested size: 426.39255pt x 323.02034pt.
<beta_01_sigmas_withcold.pdf, id=1908, 433.64006pt x 328.50491pt>
File: beta_01_sigmas_withcold.pdf Graphic file (type pdf)
<use beta_01_sigmas_withcold.pdf>
Package pdftex.def Info: beta_01_sigmas_withcold.pdf  used on input line 328.
(pdftex.def)             Requested size: 426.39255pt x 323.02034pt.


LaTeX Warning: `!h' float specifier changed to `!ht'.


Package hyperref Warning: Token not allowed in a PDF string (PDFDocEncoding):
(hyperref)                removing `math shift' on input line 333.


Package hyperref Warning: Token not allowed in a PDF string (PDFDocEncoding):
(hyperref)                removing `\beta' on input line 333.


Package hyperref Warning: Token not allowed in a PDF string (PDFDocEncoding):
(hyperref)                removing `\sim' on input line 333.


Package hyperref Warning: Token not allowed in a PDF string (PDFDocEncoding):
(hyperref)                removing `\beta' on input line 333.


Package hyperref Warning: Token not allowed in a PDF string (PDFDocEncoding):
(hyperref)                removing `subscript' on input line 333.


Package hyperref Warning: Token not allowed in a PDF string (PDFDocEncoding):
(hyperref)                removing `math shift' on input line 333.

[92 <./beta_0003_sigmas_withcold.pdf>] [93 <./beta_01_sigmas_withcold.pdf>]
<sig1_delgam_2_timespec.pdf, id=1988, 427.61757pt x 330.5124pt>
File: sig1_delgam_2_timespec.pdf Graphic file (type pdf)
<use sig1_delgam_2_timespec.pdf>
Package pdftex.def Info: sig1_delgam_2_timespec.pdf  used on input line 345.
(pdftex.def)             Requested size: 426.39255pt x 329.5786pt.


LaTeX Warning: `!h' float specifier changed to `!ht'.


Package hyperref Warning: Token not allowed in a PDF string (PDFDocEncoding):
(hyperref)                removing `math shift' on input line 376.


Package hyperref Warning: Token not allowed in a PDF string (PDFDocEncoding):
(hyperref)                removing `\beta' on input line 376.


Package hyperref Warning: Token not allowed in a PDF string (PDFDocEncoding):
(hyperref)                removing `math shift' on input line 376.


Package hyperref Warning: Token not allowed in a PDF string (PDFDocEncoding):
(hyperref)                removing `math shift' on input line 376.


Package hyperref Warning: Token not allowed in a PDF string (PDFDocEncoding):
(hyperref)                removing `\sigma' on input line 376.


Package hyperref Warning: Token not allowed in a PDF string (PDFDocEncoding):
(hyperref)                removing `math shift' on input line 376.

[94]
<powerlaw_fit.pdf, id=2001, 400.28925pt x 277.63725pt>
File: powerlaw_fit.pdf Graphic file (type pdf)
<use powerlaw_fit.pdf>
Package pdftex.def Info: powerlaw_fit.pdf  used on input line 383.
(pdftex.def)             Requested size: 426.39255pt x 295.74716pt.


LaTeX Warning: `!h' float specifier changed to `!ht'.

[95 <./sig1_delgam_2_timespec.pdf>] [96 <./powerlaw_fit.pdf>] [97]
<efficiency_fit.pdf, id=2105, 403.81805pt x 283.95775pt>
File: efficiency_fit.pdf Graphic file (type pdf)
<use efficiency_fit.pdf>
Package pdftex.def Info: efficiency_fit.pdf  used on input line 424.
(pdftex.def)             Requested size: 426.39255pt x 299.83257pt.
 [98 <./efficiency_fit.pdf>] [99]
<lowbeta_lec.pdf, id=2157, 509.59445pt x 442.42538pt>
File: lowbeta_lec.pdf Graphic file (type pdf)
<use lowbeta_lec.pdf>
Package pdftex.def Info: lowbeta_lec.pdf  used on input line 443.
(pdftex.def)             Requested size: 426.39255pt x 370.21034pt.


LaTeX Warning: Float too large for page by 41.27777pt on input line 447.


Package hyperref Warning: Token not allowed in a PDF string (PDFDocEncoding):
(hyperref)                removing `math shift' on input line 450.


Package hyperref Warning: Token not allowed in a PDF string (PDFDocEncoding):
(hyperref)                removing `\beta' on input line 450.


Package hyperref Warning: Token not allowed in a PDF string (PDFDocEncoding):
(hyperref)                removing `math shift' on input line 450.

[100]
<highbeta_lec.pdf, id=2171, 509.59445pt x 442.42538pt>
File: highbeta_lec.pdf Graphic file (type pdf)
<use highbeta_lec.pdf>
Package pdftex.def Info: highbeta_lec.pdf  used on input line 465.
(pdftex.def)             Requested size: 426.39255pt x 370.21034pt.


Package hyperref Warning: Token not allowed in a PDF string (PDFDocEncoding):
(hyperref)                removing `math shift' on input line 471.


Package hyperref Warning: Token not allowed in a PDF string (PDFDocEncoding):
(hyperref)                removing `\beta' on input line 471.


Package hyperref Warning: Token not allowed in a PDF string (PDFDocEncoding):
(hyperref)                removing `\approx' on input line 471.


Package hyperref Warning: Token not allowed in a PDF string (PDFDocEncoding):
(hyperref)                removing `\beta' on input line 471.


Package hyperref Warning: Token not allowed in a PDF string (PDFDocEncoding):
(hyperref)                removing `subscript' on input line 471.


Package hyperref Warning: Token not allowed in a PDF string (PDFDocEncoding):
(hyperref)                removing `math shift' on input line 471.

[101] [102] [103] [104]

Package natbib Warning: Citation `ponti17' on page 105 undefined on input line 
571.

[105] [106]
<sig_3_delgam001_boxsize.pdf, id=2236, 420.59131pt x 323.70573pt>
File: sig_3_delgam001_boxsize.pdf Graphic file (type pdf)
<use sig_3_delgam001_boxsize.pdf>
Package pdftex.def Info: sig_3_delgam001_boxsize.pdf  used on input line 590.
(pdftex.def)             Requested size: 319.7944pt x 246.1424pt.


LaTeX Warning: `!h' float specifier changed to `!ht'.

<sig1_delgam_2_boxsize.pdf, id=2238, 425.61006pt x 322.21579pt>
File: sig1_delgam_2_boxsize.pdf Graphic file (type pdf)
<use sig1_delgam_2_boxsize.pdf>
Package pdftex.def Info: sig1_delgam_2_boxsize.pdf  used on input line 603.
(pdftex.def)             Requested size: 319.7944pt x 242.11357pt.
[107] [108]
<sig_3_delgam001_outflow_untriggered_earlytime.pdf, id=2253, 427.11569pt x 323.
70573pt>
File: sig_3_delgam001_outflow_untriggered_earlytime.pdf Graphic file (type pdf)

<use sig_3_delgam001_outflow_untriggered_earlytime.pdf>
Package pdftex.def Info: sig_3_delgam001_outflow_untriggered_earlytime.pdf  use
d on input line 615.
(pdftex.def)             Requested size: 319.7944pt x 242.37862pt.
<sig_3_delgam001_outflow_untriggered_latetime.pdf, id=2254, 427.11569pt x 323.7
0573pt>
File: sig_3_delgam001_outflow_untriggered_latetime.pdf Graphic file (type pdf)
<use sig_3_delgam001_outflow_untriggered_latetime.pdf>
Package pdftex.def Info: sig_3_delgam001_outflow_untriggered_latetime.pdf  used
 on input line 616.
(pdftex.def)             Requested size: 319.7944pt x 242.37862pt.


LaTeX Warning: Float too large for page by 55.32466pt on input line 619.


LaTeX Warning: `!h' float specifier changed to `!ht'.

<sig1_delgam_2_outflow_untriggered_earlytime.pdf, id=2257, 420.59131pt x 323.70
573pt>
File: sig1_delgam_2_outflow_untriggered_earlytime.pdf Graphic file (type pdf)
<use sig1_delgam_2_outflow_untriggered_earlytime.pdf>
Package pdftex.def Info: sig1_delgam_2_outflow_untriggered_earlytime.pdf  used 
on input line 635.
(pdftex.def)             Requested size: 319.7944pt x 246.1424pt.
<sig1_delgam_2_outflow_untriggered_latetime.pdf, id=2258, 420.59131pt x 323.705
73pt>
File: sig1_delgam_2_outflow_untriggered_latetime.pdf Graphic file (type pdf)
<use sig1_delgam_2_outflow_untriggered_latetime.pdf>
Package pdftex.def Info: sig1_delgam_2_outflow_untriggered_latetime.pdf  used o
n input line 636.
(pdftex.def)             Requested size: 319.7944pt x 246.1424pt.

LaTeX Warning: `!h' float specifier changed to `!ht'.

<ppc_final.pdf, id=2260, 525.26236pt x 412.03937pt>
File: ppc_final.pdf Graphic file (type pdf)
<use ppc_final.pdf>
Package pdftex.def Info: ppc_final.pdf  used on input line 655.
(pdftex.def)             Requested size: 319.7944pt x 250.86581pt.

LaTeX Warning: `!h' float specifier changed to `!ht'.

[109]
<comp_final.pdf, id=2268, 525.26236pt x 412.03937pt>
File: comp_final.pdf Graphic file (type pdf)
<use comp_final.pdf>
Package pdftex.def Info: comp_final.pdf  used on input line 664.
(pdftex.def)             Requested size: 319.7944pt x 250.86581pt.


LaTeX Warning: `!h' float specifier changed to `!ht'.

<shellvec_flds.pdf, id=2274, 428.71541pt x 364.55962pt>
File: shellvec_flds.pdf Graphic file (type pdf)
<use shellvec_flds.pdf>
Package pdftex.def Info: shellvec_flds.pdf  used on input line 683.
(pdftex.def)             Requested size: 319.7944pt x 271.95047pt.
<shellvec_spect.pdf, id=2275, 431.13069pt x 327.72073pt>
File: shellvec_spect.pdf Graphic file (type pdf)
<use shellvec_spect.pdf>
Package pdftex.def Info: shellvec_spect.pdf  used on input line 684.
(pdftex.def)             Requested size: 319.7944pt x 243.0896pt.

LaTeX Warning: Float too large for page by 42.1075pt on input line 687.


LaTeX Warning: `!h' float specifier changed to `!ht'.

) [110] [111 <./lowbeta_lec.pdf>] [112 <./highbeta_lec.pdf>] [113 <./sig_3_delg
am001_boxsize.pdf>] [114 <./sig1_delgam_2_boxsize.pdf>] [115 <./sig_3_delgam001
_outflow_untriggered_earlytime.pdf> <./sig_3_delgam001_outflow_untriggered_late
time.pdf

pdfTeX warning: pdflatex.exe (file ./sig_3_delgam001_outflow_untriggered_lateti
me.pdf): PDF inclusion: multiple pdfs with page group included in a single page

>] [116 <./sig1_delgam_2_outflow_untriggered_earlytime.pdf> <./sig1_delgam_2_ou
tflow_untriggered_latetime.pdf

pdfTeX warning: pdflatex.exe (file ./sig1_delgam_2_outflow_untriggered_latetime
.pdf): PDF inclusion: multiple pdfs with page group included in a single page
>] [117 <./ppc_final.pdf>] [118 <./comp_final.pdf>] [119 <./shellvec_flds.pdf> 
<./shellvec_spect.pdf

pdfTeX warning: pdflatex.exe (file ./shellvec_spect.pdf): PDF inclusion: multip
le pdfs with page group included in a single page
>]
\openout2 = `recon_acc_mec.aux'.

 (recon_acc_mec.tex
CHAPTER 5.
[120



] [121] [122]

Package natbib Warning: Citation `buneman93' on page 123 undefined on input lin
e 25.


Package natbib Warning: Citation `spitkovsky05' on page 123 undefined on input 
line 25.

[123]
<2x2_flds_reord.pdf, id=2944, 854.3857pt x 365.76039pt>
File: 2x2_flds_reord.pdf Graphic file (type pdf)
<use 2x2_flds_reord.pdf>
Package pdftex.def Info: 2x2_flds_reord.pdf  used on input line 29.
(pdftex.def)             Requested size: 426.39255pt x 182.53929pt.

Underfull \hbox (badness 10000) in alignment at lines 41--74
[][][][][]
 []

Table 5.1 has been set to width 426.39255pt

LaTeX Warning: Float too large for page by 8.01491pt on input line 77.

[124 <./2x2_flds_reord.pdf>] [125]
<blines_withx.pdf, id=3008, 429.84464pt x 211.05394pt>
File: blines_withx.pdf Graphic file (type pdf)
<use blines_withx.pdf>
Package pdftex.def Info: blines_withx.pdf  used on input line 84.
(pdftex.def)             Requested size: 426.39255pt x 209.37234pt.
 [126] [127 <./blines_withx.pdf>] [128]
<bguide3_accmec_singleplot.pdf, id=3049, 630.34875pt x 278.29346pt>
File: bguide3_accmec_singleplot.pdf Graphic file (type pdf)
<use bguide3_accmec_singleplot.pdf>
Package pdftex.def Info: bguide3_accmec_singleplot.pdf  used on input line 108.

(pdftex.def)             Requested size: 426.39255pt x 188.24762pt.

[129 <./bguide3_accmec_singleplot.pdf>] [130]
<spectra_fourplot.pdf, id=3124, 421.59506pt x 319.90247pt>
File: spectra_fourplot.pdf Graphic file (type pdf)
<use spectra_fourplot.pdf>
Package pdftex.def Info: spectra_fourplot.pdf  used on input line 135.
(pdftex.def)             Requested size: 426.39255pt x 323.53824pt.
 [131] [132 <./spectra_fourplot.pdf>] [133]
<bguide1_accmec_singleplot.pdf, id=3205, 630.34875pt x 278.29346pt>
File: bguide1_accmec_singleplot.pdf Graphic file (type pdf)
<use bguide1_accmec_singleplot.pdf>
Package pdftex.def Info: bguide1_accmec_singleplot.pdf  used on input line 172.

(pdftex.def)             Requested size: 426.39255pt x 188.24762pt.
 [134] [135 <./bguide1_accmec_singleplot.pdf>] [136] [137]
<2x2_timespec_2comp_reord.pdf, id=3300, 421.59506pt x 319.20454pt>
File: 2x2_timespec_2comp_reord.pdf Graphic file (type pdf)
<use 2x2_timespec_2comp_reord.pdf>
Package pdftex.def Info: 2x2_timespec_2comp_reord.pdf  used on input line 208.
(pdftex.def)             Requested size: 426.39255pt x 322.83238pt.
 [138]
[139] [140]
<bg3_singleplot_flds.pdf, id=3331, 422.19104pt x 339.47227pt>
File: bg3_singleplot_flds.pdf Graphic file (type pdf)
<use bg3_singleplot_flds.pdf>
Package pdftex.def Info: bg3_singleplot_flds.pdf  used on input line 238.
(pdftex.def)             Requested size: 426.39255pt x 342.84874pt.
 [141]
<bguide3_triggered_final2dhist_withmean15.pdf, id=3344, 458.19058pt x 324.30171
pt>
File: bguide3_triggered_final2dhist_withmean15.pdf Graphic file (type pdf)
<use bguide3_triggered_final2dhist_withmean15.pdf>
Package pdftex.def Info: bguide3_triggered_final2dhist_withmean15.pdf  used on 
input line 250.
(pdftex.def)             Requested size: 255.83812pt x 181.07823pt.
<bguide3_triggered_final2dhist_withmean65.pdf, id=3345, 458.19058pt x 324.30171
pt>
File: bguide3_triggered_final2dhist_withmean65.pdf Graphic file (type pdf)
<use bguide3_triggered_final2dhist_withmean65.pdf>
Package pdftex.def Info: bguide3_triggered_final2dhist_withmean65.pdf  used on 
input line 251.
(pdftex.def)             Requested size: 255.83812pt x 181.07823pt.
 [142] [143]
<manypart_wparz_deltagamma_log.pdf, id=3365, 427.61757pt x 328.31671pt>
File: manypart_wparz_deltagamma_log.pdf Graphic file (type pdf)
<use manypart_wparz_deltagamma_log.pdf>
Package pdftex.def Info: manypart_wparz_deltagamma_log.pdf  used on input line 
265.
(pdftex.def)             Requested size: 426.39255pt x 327.3891pt.
 [144]
<bguide1_triggered_final2dhist_withmean15.pdf, id=3376, 458.19058pt x 324.30171
pt>
File: bguide1_triggered_final2dhist_withmean15.pdf Graphic file (type pdf)
<use bguide1_triggered_final2dhist_withmean15.pdf>
Package pdftex.def Info: bguide1_triggered_final2dhist_withmean15.pdf  used on 
input line 273.
(pdftex.def)             Requested size: 426.39255pt x 301.79541pt.
<bguide1_triggered_final2dhist_withmean65.pdf, id=3377, 458.19058pt x 324.30171
pt>
File: bguide1_triggered_final2dhist_withmean65.pdf Graphic file (type pdf)
<use bguide1_triggered_final2dhist_withmean65.pdf>
Package pdftex.def Info: bguide1_triggered_final2dhist_withmean65.pdf  used on 
input line 275.
(pdftex.def)             Requested size: 426.39255pt x 301.79541pt.


LaTeX Warning: Float too large for page by 87.15825pt on input line 279.

[145]
<final_testprtl_bguide3_triggered065.pdf, id=3386, 440.16444pt x 329.44592pt>
File: final_testprtl_bguide3_triggered065.pdf Graphic file (type pdf)
<use final_testprtl_bguide3_triggered065.pdf>
Package pdftex.def Info: final_testprtl_bguide3_triggered065.pdf  used on input
 line 295.
(pdftex.def)             Requested size: 426.39255pt x 319.13988pt.
<final_testprtl_bguide1_triggered065.pdf, id=3387, 440.16444pt x 329.44592pt>
File: final_testprtl_bguide1_triggered065.pdf Graphic file (type pdf)
<use final_testprtl_bguide1_triggered065.pdf>
Package pdftex.def Info: final_testprtl_bguide1_triggered065.pdf  used on input
 line 301.
(pdftex.def)             Requested size: 426.39255pt x 319.13988pt.
 [146] [147] [148]
<triggered_bguide_3_boxsize.pdf, id=3402, 440.16444pt x 332.1043pt>
File: triggered_bguide_3_boxsize.pdf Graphic file (type pdf)
<use triggered_bguide_3_boxsize.pdf>
Package pdftex.def Info: triggered_bguide_3_boxsize.pdf  used on input line 331
.
(pdftex.def)             Requested size: 426.39255pt x 321.71509pt.
<untriggered_bguide_3_boxsize.pdf, id=3404, 440.16444pt x 332.1043pt>
File: untriggered_bguide_3_boxsize.pdf Graphic file (type pdf)
<use untriggered_bguide_3_boxsize.pdf>
Package pdftex.def Info: untriggered_bguide_3_boxsize.pdf  used on input line 3
40.
(pdftex.def)             Requested size: 426.39255pt x 321.71509pt.
<triggered_bguide_1_boxsize.pdf, id=3407, 440.16444pt x 332.1043pt>
File: triggered_bguide_1_boxsize.pdf Graphic file (type pdf)
<use triggered_bguide_1_boxsize.pdf>
Package pdftex.def Info: triggered_bguide_1_boxsize.pdf  used on input line 349
.
(pdftex.def)             Requested size: 426.39255pt x 321.71509pt.
<untriggered_bguide_1_boxsize.pdf, id=3408, 440.16444pt x 332.1043pt>
File: untriggered_bguide_1_boxsize.pdf Graphic file (type pdf)
<use untriggered_bguide_1_boxsize.pdf>
Package pdftex.def Info: untriggered_bguide_1_boxsize.pdf  used on input line 3
55.
(pdftex.def)             Requested size: 426.39255pt x 321.71509pt.
 [149] [150]
<thickness_flds.pdf, id=3430, 426.40279pt x 365.75218pt>
File: thickness_flds.pdf Graphic file (type pdf)
<use thickness_flds.pdf>
Package pdftex.def Info: thickness_flds.pdf  used on input line 368.
(pdftex.def)             Requested size: 426.39255pt x 365.76244pt.
<untrig_thickness_spec.pdf, id=3431, 440.16444pt x 332.1043pt>
File: untrig_thickness_spec.pdf Graphic file (type pdf)
<use untrig_thickness_spec.pdf>
Package pdftex.def Info: untrig_thickness_spec.pdf  used on input line 374.
(pdftex.def)             Requested size: 426.39255pt x 321.71509pt.
<bg_spec_compare.pdf, id=3434, 440.16444pt x 332.1043pt>
File: bg_spec_compare.pdf Graphic file (type pdf)
<use bg_spec_compare.pdf>
Package pdftex.def Info: bg_spec_compare.pdf  used on input line 383.
(pdftex.def)             Requested size: 426.39255pt x 321.71509pt.
<diffguide_flds.pdf, id=3435, 433.42905pt x 365.75218pt>
File: diffguide_flds.pdf Graphic file (type pdf)
<use diffguide_flds.pdf>
Package pdftex.def Info: diffguide_flds.pdf  used on input line 389.
(pdftex.def)             Requested size: 426.39255pt x 359.82991pt.
) [151] [152 <./2x2_timespec_2comp_reord.pdf>] [153 <./bg3_singleplot_flds.pdf>
] [154 <./bguide3_triggered_final2dhist_withmean15.pdf> <./bguide3_triggered_fi
nal2dhist_withmean65.pdf

pdfTeX warning: pdflatex.exe (file ./bguide3_triggered_final2dhist_withmean65.p
df): PDF inclusion: multiple pdfs with page group included in a single page
>] [155 <./manypart_wparz_deltagamma_log.pdf>] [156 <./bguide1_triggered_final2
dhist_withmean15.pdf> <./bguide1_triggered_final2dhist_withmean65.pdf

pdfTeX warning: pdflatex.exe (file ./bguide1_triggered_final2dhist_withmean65.p
df): PDF inclusion: multiple pdfs with page group included in a single page
>] [157 <./final_testprtl_bguide3_triggered065.pdf>] [158 <./final_testprtl_bgu
ide1_triggered065.pdf>] [159 <./triggered_bguide_3_boxsize.pdf>] [160 <./untrig
gered_bguide_3_boxsize.pdf>] [161 <./triggered_bguide_1_boxsize.pdf>] [162 <./u
ntriggered_bguide_1_boxsize.pdf>] [163 <./thickness_flds.pdf>] [164 <./untrig_t
hickness_spec.pdf>] [165 <./bg_spec_compare.pdf>] [166 <./diffguide_flds.pdf>]
\openout2 = `appendix.aux'.


(appendix.tex
APPENDIX A.
) [167



] (dissertation.bbl [168


] [169] [170] [171] [172] [173] [174] [175]
[176] [177] [178] [179])

Package natbib Warning: There were undefined citations.

Package atveryend Info: Empty hook `BeforeClearDocument' on input line 161.
[180]
Package atveryend Info: Empty hook `AfterLastShipout' on input line 161.
 (dissertation.aux (introduction.aux) (chapter2.aux) (cs_paper.aux)
(recon_paper5.aux) (recon_acc_mec.aux) (appendix.aux))
Package atveryend Info: Executing hook `AtVeryEndDocument' on input line 161.
Package atveryend Info: Executing hook `AtEndAfterFileList' on input line 161.
Package rerunfilecheck Info: File `dissertation.out' has not changed.
(rerunfilecheck)             Checksum: C0F8BAD7F5F95106FC7B1BDC5224618D;5877.


LaTeX Warning: There were undefined references.


LaTeX Warning: There were multiply-defined labels.

Package atveryend Info: Empty hook `AtVeryVeryEnd' on input line 161.
 ) 
Here is how much of TeX's memory you used:
 10240 strings out of 492946
 159530 string characters out of 3126267
 308332 words of memory out of 3000000
 13403 multiletter control sequences out of 15000+200000
 16807 words of font info for 62 fonts, out of 3000000 for 9000
 1141 hyphenation exceptions out of 8191
 46i,14n,45p,3020b,648s stack positions out of 5000i,500n,10000p,200000b,50000s
<C:/Users/David/AppData/Local/Programs/MiKTeX 2.9/fonts/type1/public/amsfonts
/cm/cmbx12.pfb><C:/Users/David/AppData/Local/Programs/MiKTeX 2.9/fonts/type1/pu
blic/amsfonts/cm/cmex10.pfb><C:/Users/David/AppData/Local/Programs/MiKTeX 2.9/f
onts/type1/public/amsfonts/cm/cmmi10.pfb><C:/Users/David/AppData/Local/Programs
/MiKTeX 2.9/fonts/type1/public/amsfonts/cm/cmmi12.pfb><C:/Users/David/AppData/L
ocal/Programs/MiKTeX 2.9/fonts/type1/public/amsfonts/cm/cmmi6.pfb><C:/Users/Dav
id/AppData/Local/Programs/MiKTeX 2.9/fonts/type1/public/amsfonts/cm/cmmi7.pfb><
C:/Users/David/AppData/Local/Programs/MiKTeX 2.9/fonts/type1/public/amsfonts/cm
/cmmi8.pfb><C:/Users/David/AppData/Local/Programs/MiKTeX 2.9/fonts/type1/public
/amsfonts/cm/cmmib10.pfb><C:/Users/David/AppData/Local/Programs/MiKTeX 2.9/font
s/type1/public/amsfonts/cm/cmr10.pfb><C:/Users/David/AppData/Local/Programs/MiK
TeX 2.9/fonts/type1/public/amsfonts/cm/cmr12.pfb><C:/Users/David/AppData/Local/
Programs/MiKTeX 2.9/fonts/type1/public/amsfonts/cm/cmr6.pfb><C:/Users/David/App
Data/Local/Programs/MiKTeX 2.9/fonts/type1/public/amsfonts/cm/cmr7.pfb><C:/User
s/David/AppData/Local/Programs/MiKTeX 2.9/fonts/type1/public/amsfonts/cm/cmr8.p
fb><C:/Users/David/AppData/Local/Programs/MiKTeX 2.9/fonts/type1/public/amsfont
s/cm/cmsl12.pfb><C:/Users/David/AppData/Local/Programs/MiKTeX 2.9/fonts/type1/p
ublic/amsfonts/cm/cmsy10.pfb><C:/Users/David/AppData/Local/Programs/MiKTeX 2.9/
fonts/type1/public/amsfonts/cm/cmsy6.pfb><C:/Users/David/AppData/Local/Programs
/MiKTeX 2.9/fonts/type1/public/amsfonts/cm/cmsy7.pfb><C:/Users/David/AppData/Lo
cal/Programs/MiKTeX 2.9/fonts/type1/public/amsfonts/cm/cmsy8.pfb><C:/Users/Davi
d/AppData/Local/Programs/MiKTeX 2.9/fonts/type1/public/amsfonts/cm/cmti12.pfb><
C:/Users/David/AppData/Local/Programs/MiKTeX 2.9/fonts/type1/public/amsfonts/sy
mbols/msam10.pfb><C:/Users/David/AppData/Local/Programs/MiKTeX 2.9/fonts/type1/
public/amsfonts/symbols/msbm10.pfb>
Output written on dissertation.pdf (180 pages, 24915640 bytes).
PDF statistics:
 4508 PDF objects out of 5155 (max. 8388607)
 491 named destinations out of 1000 (max. 500000)
 888 words of extra memory for PDF output out of 10000 (max. 10000000)

