This is pdfTeX, Version 3.14159265-2.6-1.40.17 (TeX Live 2016) (preloaded format=pdflatex 2016.5.22)  13 AUG 2019 14:32
entering extended mode
 restricted \write18 enabled.
 %&-line parsing enabled.
**recon_acc_mec.tex
(./recon_acc_mec.tex
LaTeX2e <2016/03/31>
Babel <3.9r> and hyphenation patterns for 83 language(s) loaded.
(/usr/local/texlive/2016/texmf-dist/tex/latex/emulateapj/emulateapj.cls
Document Class: emulateapj 
\bibbaselineskip=\skip41
(/usr/local/texlive/2016/texmf-dist/tex/latex/revtex/revtex4-1.cls
Document Class: revtex4-1 2010/07/25/20:33:00 4.1r (http://publish.aps.org/revt
ex4/ for documentation)
 Copyright (c) 2009 The American Physical Society.
 mailto:revtex@aps.org
 Licensed under the LPPL:
http://www.ctan.org/tex-archive/macros/latex/base/lppl.txt
 Arthur Ogawa <arthur_ogawa at sbcglobal dot net>
 Based on work by David Carlisle <david at dcarlisle.demon.co.uk>.
ltxutil[2010/07/25/20:33:00 4.1r utilities package (portions licensed from W. E
. Baxter web at superscript.com)]
LaTeX Info: Redefining \@centercr on input line 308.
Class revtex4-1 Info: Repairing broken LaTeX eqnarray on input line 358.
\eqncolsep=\skip42
Class revtex4-1 Info: Repairing hyperref-unfriendly LaTeX definition of \mpfoot
note on input line 433.
Class revtex4-1 Info: Repairing broken LateX \@sect on input line 755.
\intertabularlinepenalty=\count79
\@tbpen=\count80
\@arstrutbox@hline=\box26
Class revtex4-1 Info: Repairing broken LaTeX \@xbitor on input line 1786.
Class revtex4-1 Info: Making \typeout \long on input line 2046.
ltxfront[2010/07/25/20:33:00 4.1r frontmatter package (AO,DPC)]
\c@affil=\count81
\c@collab=\count82
\absbox=\box27
ltxgrid[2010/07/25/20:33:00 4.1r page grid package (portions licensed from W. E
. Baxter web at superscript.com)]
\c@linecount=\count83
\output@latex=\toks14
\box@size@1=\box28
\box@size@2=\box29
\@protection@box=\box30
\@topmark@saved=\toks15
\footins@saved=\box31
\footins@recovered=\box32
\column@recovered=\box33
\pagesofar=\box34
\footsofar=\box35
\pagegrid@col=\count84
Class revtex4-1 Info: Overriding \@vspace, \@vspacer, \@no@pgbk, \@newline, and
 \\  on input line 5578.
\c@part=\count85
\c@section=\count86
\c@subsection=\count87
\c@subsubsection=\count88
\c@paragraph=\count89
\c@subparagraph=\count90
\abovecaptionskip=\skip43
\belowcaptionskip=\skip44
\c@figure=\count91
\fbox@1=\box36
\c@table=\count92
\fbox@2=\box37
\c@video=\count93
\fbox@4=\box38
\@bibdataout=\write3
\widetext@top=\box39
\widetext@bot=\box40

Class revtex4-1 Warning: No Society specified, using default society aps.

(/usr/local/texlive/2016/texmf-dist/tex/latex/revtex/aps4-1.rtx
File: aps4-1 2010/07/25/20:33:00 4.1r (http://publish.aps.org/revtex4/ for docu
mentation)
Class revtex4-1 Info: RevTeX society APS selected on input line 31.
)

Class revtex4-1 Warning: No journal specified, using default pra.

Class revtex4-1 Info: APS journal PRA selected on input line 7545.

Class revtex4-1 Warning: No type size specified, using default 10.

(/usr/local/texlive/2016/texmf-dist/tex/latex/revtex/aps10pt4-1.rtx
File: aps10pt4-1 2010/07/25/20:33:00 4.1r (http://publish.aps.org/revtex4/ for 
documentation)
Class revtex4-1 Info: RevTeX pointsize 10pt selected on input line 30.
)
(/usr/local/texlive/2016/texmf-dist/tex/latex/textcase/textcase.sty
Package: textcase 2004/10/07 v0.07 Text only upper/lower case changing (DPC)
)
(/usr/local/texlive/2016/texmf-dist/tex/latex/url/url.sty
\Urlmuskip=\muskip10
Package: url 2013/09/16  ver 3.4  Verb mode for urls, etc.
)
(/usr/local/texlive/2016/texmf-dist/tex/latex/natbib/natbib.sty
Package: natbib 2010/09/13 8.31b (PWD, AO)
\bibhang=\skip45
\bibsep=\skip46
LaTeX Info: Redefining \cite on input line 694.
\c@NAT@ctr=\count94
)
Class revtex4-1 Info: Repairing natbib's \BibitemShut on input line 7549.

(/usr/local/texlive/2016/texmf-dist/tex/latex/revtex/revsymb4-1.sty
Package: revsymb4-1 2010/07/25/20:33:00 4.1r (http://publish.aps.org/revtex4/ f
or documentation)
LaTeX Info: Redefining \REV@mathfrak on input line 119.
))
(/usr/local/texlive/2016/texmf-dist/tex/latex/base/latexsym.sty
Package: latexsym 1998/08/17 v2.2e Standard LaTeX package (lasy symbols)
\symlasy=\mathgroup4
LaTeX Font Info:    Overwriting symbol font `lasy' in version `bold'
(Font)                  U/lasy/m/n --> U/lasy/b/n on input line 52.
)
(/usr/local/texlive/2016/texmf-dist/tex/latex/graphics/graphicx.sty
Package: graphicx 2014/10/28 v1.0g Enhanced LaTeX Graphics (DPC,SPQR)

(/usr/local/texlive/2016/texmf-dist/tex/latex/graphics/keyval.sty
Package: keyval 2014/10/28 v1.15 key=value parser (DPC)
\KV@toks@=\toks16
)
(/usr/local/texlive/2016/texmf-dist/tex/latex/graphics/graphics.sty
Package: graphics 2016/05/09 v1.0r Standard LaTeX Graphics (DPC,SPQR)

(/usr/local/texlive/2016/texmf-dist/tex/latex/graphics/trig.sty
Package: trig 2016/01/03 v1.10 sin cos tan (DPC)
)
(/usr/local/texlive/2016/texmf-dist/tex/latex/graphics-cfg/graphics.cfg
File: graphics.cfg 2016/01/02 v1.10 sample graphics configuration
)
Package graphics Info: Driver file: pdftex.def on input line 96.

(/usr/local/texlive/2016/texmf-dist/tex/latex/pdftex-def/pdftex.def
File: pdftex.def 2011/05/27 v0.06d Graphics/color for pdfTeX

(/usr/local/texlive/2016/texmf-dist/tex/generic/oberdiek/infwarerr.sty
Package: infwarerr 2016/05/16 v1.4 Providing info/warning/error messages (HO)
)
(/usr/local/texlive/2016/texmf-dist/tex/generic/oberdiek/ltxcmds.sty
Package: ltxcmds 2016/05/16 v1.23 LaTeX kernel commands for general use (HO)
)
\Gread@gobject=\count95
))
\Gin@req@height=\dimen102
\Gin@req@width=\dimen103
)
(/usr/local/texlive/2016/texmf-dist/tex/latex/amsfonts/amssymb.sty
Package: amssymb 2013/01/14 v3.01 AMS font symbols

(/usr/local/texlive/2016/texmf-dist/tex/latex/amsfonts/amsfonts.sty
Package: amsfonts 2013/01/14 v3.01 Basic AMSFonts support
\@emptytoks=\toks17
\symAMSa=\mathgroup5
\symAMSb=\mathgroup6
LaTeX Font Info:    Overwriting math alphabet `\mathfrak' in version `bold'
(Font)                  U/euf/m/n --> U/euf/b/n on input line 106.
LaTeX Info: Redefining \frak on input line 111.
LaTeX Info: Redefining \Bbb on input line 113.
))
(/usr/local/texlive/2016/texmf-dist/tex/latex/tools/longtable.sty
Package: longtable 2014/10/28 v4.11 Multi-page Table package (DPC)
\LTleft=\skip47
\LTright=\skip48
\LTpre=\skip49
\LTpost=\skip50
\LTchunksize=\count96
\LTcapwidth=\dimen104
\LT@head=\box41
\LT@firsthead=\box42
\LT@foot=\box43
\LT@lastfoot=\box44
\LT@cols=\count97
\LT@rows=\count98
\c@LT@tables=\count99
\c@LT@chunks=\count100
\LT@p@ftn=\toks18
)
(/usr/local/texlive/2016/texmf-dist/tex/generic/epsf/epsf.sty
This is `epsf.tex' v2.7.4 <14 February 2011>
\epsffilein=\read1
\epsfframemargin=\dimen105
\epsfframethickness=\dimen106
\epsfrsize=\dimen107
\epsftmp=\dimen108
\epsftsize=\dimen109
\epsfxsize=\dimen110
\epsfysize=\dimen111
\pspoints=\dimen112
)
\c@front@matter@foot@note=\count101
\alt@affil@toks=\toks19
\alt@affil@toks@count=\toks20
\keys@width=\skip51
\c@lastfootnote=\count102
\c@remember@figure@num=\count103
\c@remember@table@num=\count104
\bibindent=\dimen113
\plot@width=\skip52
\c@table@save=\count105
\table@note@skip=\skip53
\deluxe@table@width=\skip54
\@d@t@a=\skip55
\c@deluxe@table@num=\count106
\abovedeluxetableskip=\skip56
\belowdeluxetableskip=\skip57
\lastrowheight=\dimen114
\DT@p@ftn=\toks21
\pt@column=\count107
\pt@ncol=\count108
) (/usr/local/texlive/2016/texmf-dist/tex/latex/blindtext/blindtext.sty
Package: blindtext 2012/01/06 V2.0 blindtext-Package

(/usr/local/texlive/2016/texmf-dist/tex/latex/tools/xspace.sty
Package: xspace 2014/10/28 v1.13 Space after command names (DPC,MH)
)
\c@blindtext=\count109
\c@Blindtext=\count110
\c@blind@countparstart=\count111
\blind@countxx=\count112
\blindtext@numBlindtext=\count113
\blind@countyy=\count114
\c@blindlist=\count115
\c@blindlistlevel=\count116
\c@blindlist@level=\count117
\blind@listitem=\count118
\c@blind@listcount=\count119
\c@blind@levelcount=\count120
\blind@mathformula=\count121
\blind@Mathformula=\count122
\c@blind@randomcount=\count123
\c@blind@randommax=\count124
\c@blind@pangramcount=\count125
\c@blind@pangrammax=\count126
)
(/usr/local/texlive/2016/texmf-dist/tex/latex/placeins/placeins.sty
Package: placeins 2005/04/18  v 2.2
)
(/usr/local/texlive/2016/texmf-dist/tex/latex/amsmath/amsmath.sty
Package: amsmath 2016/03/10 v2.15b AMS math features
\@mathmargin=\skip58

For additional information on amsmath, use the `?' option.
(/usr/local/texlive/2016/texmf-dist/tex/latex/amsmath/amstext.sty
Package: amstext 2000/06/29 v2.01 AMS text

(/usr/local/texlive/2016/texmf-dist/tex/latex/amsmath/amsgen.sty
File: amsgen.sty 1999/11/30 v2.0 generic functions
\@emptytoks=\toks22
\ex@=\dimen115
)
LaTeX Info: Redefining \text on input line 28.
)
(/usr/local/texlive/2016/texmf-dist/tex/latex/amsmath/amsbsy.sty
Package: amsbsy 1999/11/29 v1.2d Bold Symbols
\pmbraise@=\dimen116
)
(/usr/local/texlive/2016/texmf-dist/tex/latex/amsmath/amsopn.sty
Package: amsopn 2016/03/08 v2.02 operator names
)
\inf@bad=\count127
LaTeX Info: Redefining \frac on input line 199.
\uproot@=\count128
\leftroot@=\count129
LaTeX Info: Redefining \overline on input line 297.
\classnum@=\count130
\DOTSCASE@=\count131
LaTeX Info: Redefining \ldots on input line 394.
LaTeX Info: Redefining \dots on input line 397.
LaTeX Info: Redefining \cdots on input line 518.
\Mathstrutbox@=\box45
\strutbox@=\box46
\big@size=\dimen117
LaTeX Font Info:    Redeclaring font encoding OML on input line 634.
LaTeX Font Info:    Redeclaring font encoding OMS on input line 635.
\macc@depth=\count132
\c@MaxMatrixCols=\count133
\dotsspace@=\muskip11
\c@parentequation=\count134
\dspbrk@lvl=\count135
\tag@help=\toks23
\row@=\count136
\column@=\count137
\maxfields@=\count138
\andhelp@=\toks24
\eqnshift@=\dimen118
\alignsep@=\dimen119
\tagshift@=\dimen120
\tagwidth@=\dimen121
\totwidth@=\dimen122
\lineht@=\dimen123
\@envbody=\toks25
\multlinegap=\skip59
\multlinetaggap=\skip60
\mathdisplay@stack=\toks26
LaTeX Info: Redefining \[ on input line 2739.
LaTeX Info: Redefining \] on input line 2740.
)
(/usr/local/texlive/2016/texmf-dist/tex/latex/tools/bm.sty
Package: bm 2016/02/27 v1.2a Bold Symbol Support (DPC/FMi)
\symboldoperators=\mathgroup7
\symboldletters=\mathgroup8
\symboldsymbols=\mathgroup9
\symboldlasy=\mathgroup10
LaTeX Font Info:    Redeclaring math alphabet \mathbf on input line 142.
LaTeX Info: Redefining \bm on input line 208.
)
(/usr/local/texlive/2016/texmf-dist/tex/latex/graphics/color.sty
Package: color 2016/05/09 v1.1c Standard LaTeX Color (DPC)

(/usr/local/texlive/2016/texmf-dist/tex/latex/graphics-cfg/color.cfg
File: color.cfg 2016/01/02 v1.6 sample color configuration
)
Package color Info: Driver file: pdftex.def on input line 144.
)
(/usr/local/texlive/2016/texmf-dist/tex/latex/hyperref/hyperref.sty
Package: hyperref 2016/05/05 v6.83n Hypertext links for LaTeX

(/usr/local/texlive/2016/texmf-dist/tex/generic/oberdiek/hobsub-hyperref.sty
Package: hobsub-hyperref 2016/05/16 v1.14 Bundle oberdiek, subset hyperref (HO)


(/usr/local/texlive/2016/texmf-dist/tex/generic/oberdiek/hobsub-generic.sty
Package: hobsub-generic 2016/05/16 v1.14 Bundle oberdiek, subset generic (HO)
Package: hobsub 2016/05/16 v1.14 Construct package bundles (HO)
Package hobsub Info: Skipping package `infwarerr' (already loaded).
Package hobsub Info: Skipping package `ltxcmds' (already loaded).
Package: ifluatex 2016/05/16 v1.4 Provides the ifluatex switch (HO)
Package ifluatex Info: LuaTeX not detected.
Package: ifvtex 2016/05/16 v1.6 Detect VTeX and its facilities (HO)
Package ifvtex Info: VTeX not detected.
Package: intcalc 2016/05/16 v1.2 Expandable calculations with integers (HO)
Package: ifpdf 2016/05/14 v3.1 Provides the ifpdf switch
Package: etexcmds 2016/05/16 v1.6 Avoid name clashes with e-TeX commands (HO)
Package etexcmds Info: Could not find \expanded.
(etexcmds)             That can mean that you are not using pdfTeX 1.50 or
(etexcmds)             that some package has redefined \expanded.
(etexcmds)             In the latter case, load this package earlier.
Package: kvsetkeys 2016/05/16 v1.17 Key value parser (HO)
Package: kvdefinekeys 2016/05/16 v1.4 Define keys (HO)
Package: pdftexcmds 2016/05/10 v0.21 Utility functions of pdfTeX for LuaTeX (HO
)
Package pdftexcmds Info: LuaTeX not detected.
Package pdftexcmds Info: \pdf@primitive is available.
Package pdftexcmds Info: \pdf@ifprimitive is available.
Package pdftexcmds Info: \pdfdraftmode found.
Package: pdfescape 2016/05/16 v1.14 Implements pdfTeX's escape features (HO)
Package: bigintcalc 2016/05/16 v1.4 Expandable calculations on big integers (HO
)
Package: bitset 2016/05/16 v1.2 Handle bit-vector datatype (HO)
Package: uniquecounter 2016/05/16 v1.3 Provide unlimited unique counter (HO)
)
Package hobsub Info: Skipping package `hobsub' (already loaded).
Package: letltxmacro 2016/05/16 v1.5 Let assignment for LaTeX macros (HO)
Package: hopatch 2016/05/16 v1.3 Wrapper for package hooks (HO)
Package: xcolor-patch 2016/05/16 xcolor patch
Package: atveryend 2016/05/16 v1.9 Hooks at the very end of document (HO)
Package: atbegshi 2016/05/16 v1.17 At begin shipout hook (HO)
Package: refcount 2016/05/16 v3.5 Data extraction from label references (HO)
Package: hycolor 2016/05/16 v1.8 Color options for hyperref/bookmark (HO)
)
(/usr/local/texlive/2016/texmf-dist/tex/generic/ifxetex/ifxetex.sty
Package: ifxetex 2010/09/12 v0.6 Provides ifxetex conditional
)
(/usr/local/texlive/2016/texmf-dist/tex/latex/oberdiek/auxhook.sty
Package: auxhook 2016/05/16 v1.4 Hooks for auxiliary files (HO)
)
(/usr/local/texlive/2016/texmf-dist/tex/latex/oberdiek/kvoptions.sty
Package: kvoptions 2016/05/16 v3.12 Key value format for package options (HO)
)
\@linkdim=\dimen124
\Hy@linkcounter=\count139
\Hy@pagecounter=\count140

(/usr/local/texlive/2016/texmf-dist/tex/latex/hyperref/pd1enc.def
File: pd1enc.def 2016/05/05 v6.83n Hyperref: PDFDocEncoding definition (HO)
)
\Hy@SavedSpaceFactor=\count141

(/usr/local/texlive/2016/texmf-dist/tex/latex/latexconfig/hyperref.cfg
File: hyperref.cfg 2002/06/06 v1.2 hyperref configuration of TeXLive
)
Package hyperref Info: Option `colorlinks' set `true' on input line 4322.
Package hyperref Info: Hyper figures OFF on input line 4446.
Package hyperref Info: Link nesting OFF on input line 4451.
Package hyperref Info: Hyper index ON on input line 4454.
Package hyperref Info: Plain pages OFF on input line 4461.
Package hyperref Info: Backreferencing OFF on input line 4466.
Package hyperref Info: Implicit mode ON; LaTeX internals redefined.
Package hyperref Info: Bookmarks ON on input line 4691.
LaTeX Info: Redefining \href on input line 4955.
\c@Hy@tempcnt=\count142
LaTeX Info: Redefining \url on input line 5044.
\XeTeXLinkMargin=\dimen125
\Fld@menulength=\count143
\Field@Width=\dimen126
\Fld@charsize=\dimen127
Package hyperref Info: Hyper figures OFF on input line 6298.
Package hyperref Info: Link nesting OFF on input line 6303.
Package hyperref Info: Hyper index ON on input line 6306.
Package hyperref Info: backreferencing OFF on input line 6313.
Package hyperref Info: Link coloring ON on input line 6316.
Package hyperref Info: Link coloring with OCG OFF on input line 6323.
Package hyperref Info: PDF/A mode OFF on input line 6328.
LaTeX Info: Redefining \ref on input line 6368.
LaTeX Info: Redefining \pageref on input line 6372.
\Hy@abspage=\count144
\c@Item=\count145
\c@Hfootnote=\count146
)

Package hyperref Message: Driver (autodetected): hpdftex.

(/usr/local/texlive/2016/texmf-dist/tex/latex/hyperref/hpdftex.def
File: hpdftex.def 2016/05/05 v6.83n Hyperref driver for pdfTeX
\Fld@listcount=\count147
\c@bookmark@seq@number=\count148

(/usr/local/texlive/2016/texmf-dist/tex/latex/oberdiek/rerunfilecheck.sty
Package: rerunfilecheck 2016/05/16 v1.8 Rerun checks for auxiliary files (HO)
Package uniquecounter Info: New unique counter `rerunfilecheck' on input line 2
82.
)
\Hy@SectionHShift=\skip61
)
(/usr/local/texlive/2016/texmf-dist/tex/latex/subfig/subfig.sty
Package: subfig 2005/06/28 ver: 1.3 subfig package

(/usr/local/texlive/2016/texmf-dist/tex/latex/caption/caption3.sty
Package: caption3 2016/02/04 v1.7-139 caption3 kernel (AR)
Package caption3 Info: TeX engine: e-TeX on input line 67.
\captionmargin=\dimen128
\captionmargin@=\dimen129
\captionwidth=\dimen130
\caption@tempdima=\dimen131
\caption@indent=\dimen132
\caption@parindent=\dimen133
\caption@hangindent=\dimen134
Package caption Info: Unknown document class (or package),
(caption)             standard defaults will be used.
)
\c@KVtest=\count149
\sf@farskip=\skip62
\sf@captopadj=\dimen135
\sf@capskip=\skip63
\sf@nearskip=\skip64
\c@subfigure=\count150
\c@subfigure@save=\count151
\c@lofdepth=\count152
\c@subtable=\count153
\c@subtable@save=\count154
\c@lotdepth=\count155
\sf@top=\skip65
\sf@bottom=\skip66
)
Class revtex4-1 Info: Patching LaTeX tabular. on input line 18.
Class revtex4-1 Info: Patching unrecognized longtable package. (Proceeding with
 fingers crossed) on input line 18.
Class revtex4-1 Info: Robustifying \LaTeX's \boldmath command on input line 18.

Class revtex4-1 Info: cite was not loaded (OK!) on input line 18.
Class revtex4-1 Info: mcite was not loaded (OK!) on input line 18.
Class revtex4-1 Info: multicol was not loaded (OK!) on input line 18.

(./recon_acc_mec.aux)
\openout1 = `recon_acc_mec.aux'.

LaTeX Font Info:    Checking defaults for OML/cmm/m/it on input line 18.
LaTeX Font Info:    ... okay on input line 18.
LaTeX Font Info:    Checking defaults for T1/cmr/m/n on input line 18.
LaTeX Font Info:    ... okay on input line 18.
LaTeX Font Info:    Checking defaults for OT1/cmr/m/n on input line 18.
LaTeX Font Info:    ... okay on input line 18.
LaTeX Font Info:    Checking defaults for OMS/cmsy/m/n on input line 18.
LaTeX Font Info:    ... okay on input line 18.
LaTeX Font Info:    Checking defaults for OMX/cmex/m/n on input line 18.
LaTeX Font Info:    ... okay on input line 18.
LaTeX Font Info:    Checking defaults for U/cmr/m/n on input line 18.
LaTeX Font Info:    ... okay on input line 18.
LaTeX Font Info:    Checking defaults for PD1/pdf/m/n on input line 18.
LaTeX Font Info:    ... okay on input line 18.

(/usr/local/texlive/2016/texmf-dist/tex/context/base/mkii/supp-pdf.mkii
[Loading MPS to PDF converter (version 2006.09.02).]
\scratchcounter=\count156
\scratchdimen=\dimen136
\scratchbox=\box47
\nofMPsegments=\count157
\nofMParguments=\count158
\everyMPshowfont=\toks27
\MPscratchCnt=\count159
\MPscratchDim=\dimen137
\MPnumerator=\count160
\makeMPintoPDFobject=\count161
\everyMPtoPDFconversion=\toks28
) (/usr/local/texlive/2016/texmf-dist/tex/latex/oberdiek/epstopdf-base.sty
Package: epstopdf-base 2016/05/15 v2.6 Base part for package epstopdf

(/usr/local/texlive/2016/texmf-dist/tex/latex/oberdiek/grfext.sty
Package: grfext 2016/05/16 v1.2 Manage graphics extensions (HO)
)
Package grfext Info: Graphics extension search list:
(grfext)             [.png,.pdf,.jpg,.mps,.jpeg,.jbig2,.jb2,.PNG,.PDF,.JPG,.JPE
G,.JBIG2,.JB2,.eps]
(grfext)             \AppendGraphicsExtensions on input line 456.

(/usr/local/texlive/2016/texmf-dist/tex/latex/latexconfig/epstopdf-sys.cfg
File: epstopdf-sys.cfg 2010/07/13 v1.3 Configuration of (r)epstopdf for TeX Liv
e
))
\AtBeginShipoutBox=\box48
Package hyperref Info: Link coloring ON on input line 18.

(/usr/local/texlive/2016/texmf-dist/tex/latex/hyperref/nameref.sty
Package: nameref 2012/10/27 v2.43 Cross-referencing by name of section

(/usr/local/texlive/2016/texmf-dist/tex/generic/oberdiek/gettitlestring.sty
Package: gettitlestring 2016/05/16 v1.5 Cleanup title references (HO)
)
\c@section@level=\count162
)
LaTeX Info: Redefining \ref on input line 18.
LaTeX Info: Redefining \pageref on input line 18.
LaTeX Info: Redefining \nameref on input line 18.

(./recon_acc_mec.out) (./recon_acc_mec.out)
\@outlinefile=\write4
\openout4 = `recon_acc_mec.out'.

Package caption Info: Begin \AtBeginDocument code.
Package caption Info: subfig package v1.3 is loaded.
Package caption Info: End \AtBeginDocument code.
Class revtex4-1 Info: Taking \maketitle back from hyperref on input line 18.
\openout3 = `recon_acc_mecNotes.bib'.

LaTeX Font Info:    Try loading font information for U+lasy on input line 31.

(/usr/local/texlive/2016/texmf-dist/tex/latex/base/ulasy.fd
File: ulasy.fd 1998/08/17 v2.2e LaTeX symbol font definitions
)
LaTeX Font Info:    Try loading font information for U+msa on input line 31.

(/usr/local/texlive/2016/texmf-dist/tex/latex/amsfonts/umsa.fd
File: umsa.fd 2013/01/14 v3.01 AMS symbols A
)
LaTeX Font Info:    Try loading font information for U+msb on input line 31.

(/usr/local/texlive/2016/texmf-dist/tex/latex/amsfonts/umsb.fd
File: umsb.fd 2013/01/14 v3.01 AMS symbols B
)
LaTeX Font Info:    Font shape `U/lasy/b/n' in size <7> not available
(Font)              Font shape `U/lasy/m/n' tried instead on input line 31.
LaTeX Font Info:    Font shape `U/lasy/b/n' in size <5> not available
(Font)              Font shape `U/lasy/m/n' tried instead on input line 31.


Class revtex4-1 Warning: Assuming \noaffiliation for authors.

LaTeX Font Info:    Font shape `U/lasy/b/n' in size <9> not available
(Font)              Font shape `U/lasy/m/n' tried instead on input line 35.
LaTeX Font Info:    Font shape `U/lasy/b/n' in size <6> not available
(Font)              Font shape `U/lasy/m/n' tried instead on input line 35.
LaTeX Font Info:    Font shape `U/lasy/b/n' in size <8> not available
(Font)              Font shape `U/lasy/m/n' tried instead on input line 35.
[1{/usr/local/texlive/2016/texmf-var/fonts/map/pdftex/updmap/pdftex.map}]
<2x2_flds_reord.pdf, id=272, 854.3857pt x 365.76039pt>
File: 2x2_flds_reord.pdf Graphic file (type pdf)

<use 2x2_flds_reord.pdf>
Package pdftex.def Info: 2x2_flds_reord.pdf used on input line 64.
(pdftex.def)             Requested size: 513.11743pt x 219.66441pt.
 [2]
<blines_withx.pdf, id=283, 429.84464pt x 211.05394pt>
File: blines_withx.pdf Graphic file (type pdf)
 <use blines_withx.pdf>
Package pdftex.def Info: blines_withx.pdf used on input line 119.
(pdftex.def)             Requested size: 513.11743pt x 251.95595pt.

[3 <./2x2_flds_reord.pdf>] [4 <./blines_withx.pdf>]
<bguide3_accmec_singleplot.pdf, id=381, 630.34875pt x 278.29346pt>
File: bguide3_accmec_singleplot.pdf Graphic file (type pdf)

<use bguide3_accmec_singleplot.pdf>
Package pdftex.def Info: bguide3_accmec_singleplot.pdf used on input line 143.
(pdftex.def)             Requested size: 513.11743pt x 226.546pt.

<spectra_fourplot.pdf, id=386, 421.59506pt x 319.90247pt>
File: spectra_fourplot.pdf Graphic file (type pdf)

<use spectra_fourplot.pdf>
Package pdftex.def Info: spectra_fourplot.pdf used on input line 170.
(pdftex.def)             Requested size: 513.11743pt x 389.37738pt.
 [5]
<bguide1_accmec_singleplot.pdf, id=401, 630.34875pt x 278.29346pt>
File: bguide1_accmec_singleplot.pdf Graphic file (type pdf)

<use bguide1_accmec_singleplot.pdf>
Package pdftex.def Info: bguide1_accmec_singleplot.pdf used on input line 207.
(pdftex.def)             Requested size: 513.11743pt x 226.546pt.
 [6 <./bguide3_accmec_singleplot.pdf>]
[7 <./spectra_fourplot.pdf>]
<2x2_timespec_2comp_reord.pdf, id=543, 421.59506pt x 319.20454pt>
File: 2x2_timespec_2comp_reord.pdf Graphic file (type pdf)

<use 2x2_timespec_2comp_reord.pdf>
Package pdftex.def Info: 2x2_timespec_2comp_reord.pdf used on input line 243.
(pdftex.def)             Requested size: 513.11743pt x 388.52788pt.
 [8 <./bguide1_accmec_singleplot.pdf>]
[9 <./2x2_timespec_2comp_reord.pdf>]
<bg3_singleplot_flds.pdf, id=684, 422.19104pt x 339.47227pt>
File: bg3_singleplot_flds.pdf Graphic file (type pdf)

<use bg3_singleplot_flds.pdf>
Package pdftex.def Info: bg3_singleplot_flds.pdf used on input line 273.
(pdftex.def)             Requested size: 513.11743pt x 412.58604pt.

<bguide3_triggered_final2dhist_withmean15.pdf, id=692, 458.19058pt x 324.30171p
t>
File: bguide3_triggered_final2dhist_withmean15.pdf Graphic file (type pdf)
 <use bguide3_triggered_final2dhist_withmean15.pdf>
Package pdftex.def Info: bguide3_triggered_final2dhist_withmean15.pdf used on i
nput line 284.
(pdftex.def)             Requested size: 245.26653pt x 173.59619pt.

<bguide3_triggered_final2dhist_withmean65.pdf, id=693, 458.19058pt x 324.30171p
t>
File: bguide3_triggered_final2dhist_withmean65.pdf Graphic file (type pdf)
 <use bguide3_triggered_final2dhist_withmean65.pdf>
Package pdftex.def Info: bguide3_triggered_final2dhist_withmean65.pdf used on i
nput line 286.
(pdftex.def)             Requested size: 245.26653pt x 173.59619pt.
 [10] [11 <./bg3_singleplot_flds.pdf>]

LaTeX Warning: A float is stuck (cannot be placed) on input line 296.


LaTeX Warning: A float is stuck (cannot be placed) on input line 296.


Class revtex4-1 Warning: Deferred float stuck during \clearpage processing.


LaTeX Warning: File `prtltrack_test_opt_morelow.pdf' not found on input line 30
0.


! Package pdftex.def Error: File `prtltrack_test_opt_morelow.pdf' not found.

See the pdftex.def package documentation for explanation.
Type  H <return>  for immediate help.
 ...                                              
                                                  
l.300 ...inewidth]{prtltrack_test_opt_morelow.pdf}
                                                  %{manypart_wparz_deltagamm...

Using draft setting for this image.
Try typing  <return>  to proceed.
If that doesn't work, type  X <return>  to quit.


<bguide1_triggered_final2dhist_withmean15.pdf, id=759, 458.19058pt x 324.30171p
t>
File: bguide1_triggered_final2dhist_withmean15.pdf Graphic file (type pdf)
 <use bguide1_triggered_final2dhist_withmean15.pdf>
Package pdftex.def Info: bguide1_triggered_final2dhist_withmean15.pdf used on i
nput line 308.
(pdftex.def)             Requested size: 245.26653pt x 173.59619pt.

<bguide1_triggered_final2dhist_withmean65.pdf, id=760, 458.19058pt x 324.30171p
t>
File: bguide1_triggered_final2dhist_withmean65.pdf Graphic file (type pdf)
 <use bguide1_triggered_final2dhist_withmean65.pdf>
Package pdftex.def Info: bguide1_triggered_final2dhist_withmean65.pdf used on i
nput line 310.
(pdftex.def)             Requested size: 245.26653pt x 173.59619pt.
 [12 <./bguide3_triggered_final2dhist_withmean15.pdf> <./bguide3_triggered_fina
l2dhist_withmean65.pdf

pdfTeX warning: /Library/TeX/texbin/pdflatex (file ./bguide3_triggered_final2dh
ist_withmean65.pdf): PDF inclusion: multiple pdfs with page group included in a
 single page
>]

LaTeX Warning: A float is stuck (cannot be placed) on input line 319.


LaTeX Warning: A float is stuck (cannot be placed) on input line 319.


Class revtex4-1 Warning: Deferred float stuck during \clearpage processing.

<final_testprtl_bguide3_triggered065.pdf, id=858, 440.16444pt x 329.44592pt>
File: final_testprtl_bguide3_triggered065.pdf Graphic file (type pdf)

<use final_testprtl_bguide3_triggered065.pdf>
Package pdftex.def Info: final_testprtl_bguide3_triggered065.pdf used on input 
line 330.
(pdftex.def)             Requested size: 245.26653pt x 183.57355pt.

<final_testprtl_bguide1_triggered065.pdf, id=859, 440.16444pt x 329.44592pt>
File: final_testprtl_bguide1_triggered065.pdf Graphic file (type pdf)

<use final_testprtl_bguide1_triggered065.pdf>
Package pdftex.def Info: final_testprtl_bguide1_triggered065.pdf used on input 
line 336.
(pdftex.def)             Requested size: 245.26653pt x 183.57355pt.
 [13 <./bguide1_triggered_final2dhist_withmean15.pdf> <./bguide1_triggered_fina
l2dhist_withmean65.pdf

pdfTeX warning: /Library/TeX/texbin/pdflatex (file ./bguide1_triggered_final2dh
ist_withmean65.pdf): PDF inclusion: multiple pdfs with page group included in a
 single page
>]

LaTeX Warning: A float is stuck (cannot be placed) on input line 351.


LaTeX Warning: A float is stuck (cannot be placed) on input line 351.


Class revtex4-1 Warning: Deferred float stuck during \clearpage processing.


Underfull \hbox (badness 2401) in paragraph at lines 362--364
\OT1/cmr/m/n/10 17006X. LS ac-knowl-edges sup-port from DoE DE-
 []


Underfull \hbox (badness 1661) in paragraph at lines 362--364
\OT1/cmr/m/n/10 NNX-17AG21G, NSF ACI1657507, and NSF AST-
 []

[14 <./final_testprtl_bguide3_triggered065.pdf> <./final_testprtl_bguide1_trigg
ered065.pdf

pdfTeX warning: /Library/TeX/texbin/pdflatex (file ./final_testprtl_bguide1_tri
ggered065.pdf): PDF inclusion: multiple pdfs with page group included in a sing
le page
>] <triggered_bguide_3_boxsize.pdf, id=1051, 440.16444pt x 332.1043pt>
File: triggered_bguide_3_boxsize.pdf Graphic file (type pdf)

<use triggered_bguide_3_boxsize.pdf>
Package pdftex.def Info: triggered_bguide_3_boxsize.pdf used on input line 373.

(pdftex.def)             Requested size: 245.26653pt x 185.05484pt.

<untriggered_bguide_3_boxsize.pdf, id=1053, 440.16444pt x 332.1043pt>
File: untriggered_bguide_3_boxsize.pdf Graphic file (type pdf)

<use untriggered_bguide_3_boxsize.pdf>
Package pdftex.def Info: untriggered_bguide_3_boxsize.pdf used on input line 38
2.
(pdftex.def)             Requested size: 245.26653pt x 185.05484pt.

<triggered_bguide_1_boxsize.pdf, id=1056, 440.16444pt x 332.1043pt>
File: triggered_bguide_1_boxsize.pdf Graphic file (type pdf)

<use triggered_bguide_1_boxsize.pdf>
Package pdftex.def Info: triggered_bguide_1_boxsize.pdf used on input line 391.

(pdftex.def)             Requested size: 245.26653pt x 185.05484pt.

<untriggered_bguide_1_boxsize.pdf, id=1057, 440.16444pt x 332.1043pt>
File: untriggered_bguide_1_boxsize.pdf Graphic file (type pdf)

<use untriggered_bguide_1_boxsize.pdf>
Package pdftex.def Info: untriggered_bguide_1_boxsize.pdf used on input line 39
7.
(pdftex.def)             Requested size: 245.26653pt x 185.05484pt.
 [15 <./triggered_bguide_3_boxsize.pdf> <./untriggered_bguide_3_boxsize.pdf

pdfTeX warning: /Library/TeX/texbin/pdflatex (file ./untriggered_bguide_3_boxsi
ze.pdf): PDF inclusion: multiple pdfs with page group included in a single page

> <./triggered_bguide_1_boxsize.pdf

pdfTeX warning: /Library/TeX/texbin/pdflatex (file ./triggered_bguide_1_boxsize
.pdf): PDF inclusion: multiple pdfs with page group included in a single page
>]

LaTeX Warning: A float is stuck (cannot be placed) on input line 406.


LaTeX Warning: A float is stuck (cannot be placed) on input line 406.


Class revtex4-1 Warning: Deferred float stuck during \clearpage processing.

<thickness_flds.pdf, id=1230, 426.40279pt x 365.75218pt>
File: thickness_flds.pdf Graphic file (type pdf)

<use thickness_flds.pdf>
Package pdftex.def Info: thickness_flds.pdf used on input line 410.
(pdftex.def)             Requested size: 513.11743pt x 440.15613pt.

<untrig_thickness_spec.pdf, id=1231, 440.16444pt x 332.1043pt>
File: untrig_thickness_spec.pdf Graphic file (type pdf)

<use untrig_thickness_spec.pdf>
Package pdftex.def Info: untrig_thickness_spec.pdf used on input line 416.
(pdftex.def)             Requested size: 245.26653pt x 185.05484pt.

<bg_spec_compare.pdf, id=1234, 440.16444pt x 332.1043pt>
File: bg_spec_compare.pdf Graphic file (type pdf)

<use bg_spec_compare.pdf>
Package pdftex.def Info: bg_spec_compare.pdf used on input line 425.
(pdftex.def)             Requested size: 245.26653pt x 185.05484pt.

<diffguide_flds.pdf, id=1235, 433.42905pt x 365.75218pt>
File: diffguide_flds.pdf Graphic file (type pdf)

<use diffguide_flds.pdf>
Package pdftex.def Info: diffguide_flds.pdf used on input line 431.
(pdftex.def)             Requested size: 513.11743pt x 433.04602pt.
 [16 <./untriggered_bguide_1_boxsize.pdf>] [17 <./thickness_flds.pdf>]

LaTeX Warning: A float is stuck (cannot be placed) on input line 438.


Class revtex4-1 Warning: Deferred float stuck during \clearpage processing.

[18 <./untrig_thickness_spec.pdf> <./bg_spec_compare.pdf

pdfTeX warning: /Library/TeX/texbin/pdflatex (file ./bg_spec_compare.pdf): PDF 
inclusion: multiple pdfs with page group included in a single page
>] [19 <./diffguide_flds.pdf>] (./recon_acc_mec.bbl) [20]
Package atveryend Info: Empty hook `AfterLastShipout' on input line 443.
 (./recon_acc_mec.aux)
Package atveryend Info: Executing hook `AtVeryEndDocument' on input line 443.
Package atveryend Info: Executing hook `AtEndAfterFileList' on input line 443.
Package rerunfilecheck Info: File `recon_acc_mec.out' has not changed.
(rerunfilecheck)             Checksum: 57853D3C4FA82D08BFEF3A23DEA9A0CE;1148.
 ) 
Here is how much of TeX's memory you used:
 9884 strings out of 493014
 144930 string characters out of 6133351
 294029 words of memory out of 5000000
 13141 multiletter control sequences out of 15000+600000
 18668 words of font info for 73 fonts, out of 8000000 for 9000
 1141 hyphenation exceptions out of 8191
 37i,10n,38p,1835b,496s stack positions out of 5000i,500n,10000p,200000b,80000s
</usr/local/texlive/2016/texmf-dist/fonts/type1/public/amsfonts/cm/cmbx10.pfb
></usr/local/texlive/2016/texmf-dist/fonts/type1/public/amsfonts/cm/cmbx8.pfb><
/usr/local/texlive/2016/texmf-dist/fonts/type1/public/amsfonts/cm/cmcsc10.pfb><
/usr/local/texlive/2016/texmf-dist/fonts/type1/public/amsfonts/cm/cmex10.pfb></
usr/local/texlive/2016/texmf-dist/fonts/type1/public/amsfonts/cm/cmmi10.pfb></u
sr/local/texlive/2016/texmf-dist/fonts/type1/public/amsfonts/cm/cmmi5.pfb></usr
/local/texlive/2016/texmf-dist/fonts/type1/public/amsfonts/cm/cmmi6.pfb></usr/l
ocal/texlive/2016/texmf-dist/fonts/type1/public/amsfonts/cm/cmmi7.pfb></usr/loc
al/texlive/2016/texmf-dist/fonts/type1/public/amsfonts/cm/cmmi8.pfb></usr/local
/texlive/2016/texmf-dist/fonts/type1/public/amsfonts/cm/cmmib10.pfb></usr/local
/texlive/2016/texmf-dist/fonts/type1/public/amsfonts/cm/cmr10.pfb></usr/local/t
exlive/2016/texmf-dist/fonts/type1/public/amsfonts/cm/cmr5.pfb></usr/local/texl
ive/2016/texmf-dist/fonts/type1/public/amsfonts/cm/cmr6.pfb></usr/local/texlive
/2016/texmf-dist/fonts/type1/public/amsfonts/cm/cmr7.pfb></usr/local/texlive/20
16/texmf-dist/fonts/type1/public/amsfonts/cm/cmr8.pfb></usr/local/texlive/2016/
texmf-dist/fonts/type1/public/amsfonts/cm/cmr9.pfb></usr/local/texlive/2016/tex
mf-dist/fonts/type1/public/amsfonts/cm/cmsy10.pfb></usr/local/texlive/2016/texm
f-dist/fonts/type1/public/amsfonts/cm/cmsy6.pfb></usr/local/texlive/2016/texmf-
dist/fonts/type1/public/amsfonts/cm/cmsy7.pfb></usr/local/texlive/2016/texmf-di
st/fonts/type1/public/amsfonts/cm/cmsy8.pfb></usr/local/texlive/2016/texmf-dist
/fonts/type1/public/amsfonts/cm/cmti10.pfb></usr/local/texlive/2016/texmf-dist/
fonts/type1/public/amsfonts/cm/cmti8.pfb></usr/local/texlive/2016/texmf-dist/fo
nts/type1/public/amsfonts/cm/cmtt8.pfb></usr/local/texlive/2016/texmf-dist/font
s/type1/public/amsfonts/symbols/msbm10.pfb>
Output written on recon_acc_mec.pdf (20 pages, 11573103 bytes).
PDF statistics:
 1588 PDF objects out of 1728 (max. 8388607)
 762 compressed objects within 8 object streams
 121 named destinations out of 1000 (max. 500000)
 234 words of extra memory for PDF output out of 10000 (max. 10000000)

